<?xml version="1.0" encoding="UTF-8"?>
<!-- Generated by org.testng.reporters.JUnitXMLReporter -->
<testsuite ignored="0" hostname="DNE-4652497-L1" failures="1" tests="1" name="Default test" time="41.133" errors="0" timestamp="2022-11-29T22:21:35 CST">
  <testcase classname="io.cucumber.testng.AbstractTestNGCucumberTests" name="runScenario" time="40.465">
    <failure type="java.lang.NullPointerException" message="Cannot invoke &amp;quot;com.microsoft.playwright.Page.title()&amp;quot; because &amp;quot;this.page&amp;quot; is null">
      <![CDATA[java.lang.NullPointerException: Cannot invoke "com.microsoft.playwright.Page.title()" because "this.page" is null
at com.FXO_Shiftleft_BDD.automation.testBase.BaseClass.getHomePageTitile(BaseClass.java:39)
at com.FXO_Shiftleft_BDD.automation.stepDefinations.pickupFlowSteps.launch_application_nonlogin(pickupFlowSteps.java:32)
at ✽.launch application nonlogin(file:///C:/Users/4652497/git/MergeCodeLocal/FXO_Shiftleft_BDD_Framework_V001/./src/test/resources/Feature/PickupFlow_CCPayment.feature:4)
]]>
    </failure>
  </testcase> <!-- runScenario -->
</testsuite> <!-- Default test -->
