<?xml version="1.0" encoding="UTF-8"?>
<testng-results ignored="0" total="6" passed="4" failed="2" skipped="0">
  <reporter-output>
  </reporter-output>
  <suite started-at="2022-12-06T11:01:30 CST" name="FXO_Shiftleft_BDD" finished-at="2022-12-06T11:09:54 CST" duration-ms="504257">
    <groups>
      <group name="cucumber">
        <method signature="AbstractTestNGCucumberTests.runScenario(io.cucumber.testng.PickleWrapper,io.cucumber.testng.FeatureWrapper)[pri:0, instance:com.FXO_Shiftleft_BDD.automation.testRunner.RunTest@63eef88a]" name="runScenario" class="io.cucumber.testng.AbstractTestNGCucumberTests"/>
      </group> <!-- cucumber -->
    </groups>
    <test started-at="2022-12-06T11:01:30 CST" name="Shift Left" finished-at="2022-12-06T11:09:54 CST" duration-ms="504257">
      <class name="com.FXO_Shiftleft_BDD.automation.testRunner.RunTest">
        <test-method is-config="true" signature="setUpClass(org.testng.ITestContext)[pri:0, instance:com.FXO_Shiftleft_BDD.automation.testRunner.RunTest@63eef88a]" started-at="2022-12-06T11:01:30 CST" name="setUpClass" finished-at="2022-12-06T11:01:31 CST" duration-ms="379" status="PASS">
          <params>
            <param index="0">
              <value>
                <![CDATA[org.testng.TestRunner@19e4fcac]]>
              </value>
            </param>
          </params>
          <reporter-output>
          </reporter-output>
        </test-method> <!-- setUpClass -->
        <test-method signature="runScenario(io.cucumber.testng.PickleWrapper,io.cucumber.testng.FeatureWrapper)[pri:0, instance:com.FXO_Shiftleft_BDD.automation.testRunner.RunTest@63eef88a]" started-at="2022-12-06T11:01:31 CST" name="runScenario" description="Runs Cucumber Scenarios" data-provider="scenarios" finished-at="2022-12-06T11:04:19 CST" duration-ms="168232" status="PASS">
          <params>
            <param index="0">
              <value>
                <![CDATA["validate pickupFlow with CC"]]>
              </value>
            </param>
            <param index="1">
              <value>
                <![CDATA["validate pickupFlow"]]>
              </value>
            </param>
          </params>
          <reporter-output>
          </reporter-output>
        </test-method> <!-- runScenario -->
        <test-method signature="runScenario(io.cucumber.testng.PickleWrapper,io.cucumber.testng.FeatureWrapper)[pri:0, instance:com.FXO_Shiftleft_BDD.automation.testRunner.RunTest@63eef88a]" started-at="2022-12-06T11:04:19 CST" name="runScenario" description="Runs Cucumber Scenarios" data-provider="scenarios" finished-at="2022-12-06T11:05:29 CST" duration-ms="69956" status="FAIL">
          <params>
            <param index="0">
              <value>
                <![CDATA["validate ThirdPartyApp products"]]>
              </value>
            </param>
            <param index="1">
              <value>
                <![CDATA["validate ThirdPartyApp flow with pickUp"]]>
              </value>
            </param>
          </params>
          <exception class="org.opentest4j.AssertionFailedError">
            <message>
              <![CDATA[Locator expected to be enabled
Call log:
Locator.expect with timeout 5000ms
waiting for locator("xpath=//button[@id='upload-a-file-button']")]]>
            </message>
            <full-stacktrace>
              <![CDATA[org.opentest4j.AssertionFailedError: Locator expected to be enabled
Call log:
Locator.expect with timeout 5000ms
waiting for locator("xpath=//button[@id='upload-a-file-button']")
at com.microsoft.playwright.impl.AssertionsBase.expectImpl(AssertionsBase.java:68)
at com.microsoft.playwright.impl.AssertionsBase.expectImpl(AssertionsBase.java:50)
at com.microsoft.playwright.impl.LocatorAssertionsImpl.expectTrue(LocatorAssertionsImpl.java:338)
at com.microsoft.playwright.impl.LocatorAssertionsImpl.isEnabled(LocatorAssertionsImpl.java:316)
at com.microsoft.playwright.assertions.LocatorAssertions.isEnabled(LocatorAssertions.java:448)
at com.FXO_Shiftleft_BDD.automation.Pages.homePage.clickelement(homePage.java:69)
at com.FXO_Shiftleft_BDD.automation.Pages.homePage.uploadTemplates(homePage.java:106)
at com.FXO_Shiftleft_BDD.automation.stepDefinations.mirkalpickupSteps.upload_template(mirkalpickupSteps.java:75)
at ✽.upload template productOne11(file:///C:/Users/4652497/git/MergeCodeLocal/FXO_Shiftleft_BDD_Framework_V001/./src/test/resources/Feature/mirkalPickupFlow.feature:20)
]]>
            </full-stacktrace>
          </exception> <!-- org.opentest4j.AssertionFailedError -->
          <reporter-output>
          </reporter-output>
        </test-method> <!-- runScenario -->
        <test-method signature="runScenario(io.cucumber.testng.PickleWrapper,io.cucumber.testng.FeatureWrapper)[pri:0, instance:com.FXO_Shiftleft_BDD.automation.testRunner.RunTest@63eef88a]" started-at="2022-12-06T11:05:29 CST" name="runScenario" description="Runs Cucumber Scenarios" data-provider="scenarios" finished-at="2022-12-06T11:06:40 CST" duration-ms="71187" status="FAIL">
          <params>
            <param index="0">
              <value>
                <![CDATA["validate ThirdPartyApp products"]]>
              </value>
            </param>
            <param index="1">
              <value>
                <![CDATA["validate ThirdPartyApp flow with pickUp"]]>
              </value>
            </param>
          </params>
          <exception class="org.opentest4j.AssertionFailedError">
            <message>
              <![CDATA[Locator expected to be enabled
Call log:
Locator.expect with timeout 5000ms
waiting for locator("xpath=//button[@id='upload-a-file-button']")]]>
            </message>
            <full-stacktrace>
              <![CDATA[org.opentest4j.AssertionFailedError: Locator expected to be enabled
Call log:
Locator.expect with timeout 5000ms
waiting for locator("xpath=//button[@id='upload-a-file-button']")
at com.microsoft.playwright.impl.AssertionsBase.expectImpl(AssertionsBase.java:68)
at com.microsoft.playwright.impl.AssertionsBase.expectImpl(AssertionsBase.java:50)
at com.microsoft.playwright.impl.LocatorAssertionsImpl.expectTrue(LocatorAssertionsImpl.java:338)
at com.microsoft.playwright.impl.LocatorAssertionsImpl.isEnabled(LocatorAssertionsImpl.java:316)
at com.microsoft.playwright.assertions.LocatorAssertions.isEnabled(LocatorAssertions.java:448)
at com.FXO_Shiftleft_BDD.automation.Pages.homePage.clickelement(homePage.java:69)
at com.FXO_Shiftleft_BDD.automation.Pages.homePage.uploadTemplates(homePage.java:106)
at com.FXO_Shiftleft_BDD.automation.stepDefinations.mirkalpickupSteps.upload_template(mirkalpickupSteps.java:75)
at ✽.upload template productTwo22(file:///C:/Users/4652497/git/MergeCodeLocal/FXO_Shiftleft_BDD_Framework_V001/./src/test/resources/Feature/mirkalPickupFlow.feature:20)
]]>
            </full-stacktrace>
          </exception> <!-- org.opentest4j.AssertionFailedError -->
          <reporter-output>
          </reporter-output>
        </test-method> <!-- runScenario -->
        <test-method signature="runScenario(io.cucumber.testng.PickleWrapper,io.cucumber.testng.FeatureWrapper)[pri:0, instance:com.FXO_Shiftleft_BDD.automation.testRunner.RunTest@63eef88a]" started-at="2022-12-06T11:06:40 CST" name="runScenario" description="Runs Cucumber Scenarios" data-provider="scenarios" finished-at="2022-12-06T11:07:45 CST" duration-ms="65055" status="PASS">
          <params>
            <param index="0">
              <value>
                <![CDATA["validate ThirdPartyApp products"]]>
              </value>
            </param>
            <param index="1">
              <value>
                <![CDATA["validate ThirdPartyApp flow with pickUp"]]>
              </value>
            </param>
          </params>
          <reporter-output>
          </reporter-output>
        </test-method> <!-- runScenario -->
        <test-method signature="runScenario(io.cucumber.testng.PickleWrapper,io.cucumber.testng.FeatureWrapper)[pri:0, instance:com.FXO_Shiftleft_BDD.automation.testRunner.RunTest@63eef88a]" started-at="2022-12-06T11:07:45 CST" name="runScenario" description="Runs Cucumber Scenarios" data-provider="scenarios" finished-at="2022-12-06T11:08:49 CST" duration-ms="64113" status="PASS">
          <params>
            <param index="0">
              <value>
                <![CDATA["validate ThirdPartyApp products"]]>
              </value>
            </param>
            <param index="1">
              <value>
                <![CDATA["validate ThirdPartyApp flow with pickUp"]]>
              </value>
            </param>
          </params>
          <reporter-output>
          </reporter-output>
        </test-method> <!-- runScenario -->
        <test-method signature="runScenario(io.cucumber.testng.PickleWrapper,io.cucumber.testng.FeatureWrapper)[pri:0, instance:com.FXO_Shiftleft_BDD.automation.testRunner.RunTest@63eef88a]" started-at="2022-12-06T11:08:49 CST" name="runScenario" description="Runs Cucumber Scenarios" data-provider="scenarios" finished-at="2022-12-06T11:09:54 CST" duration-ms="65062" status="PASS">
          <params>
            <param index="0">
              <value>
                <![CDATA["validate ThirdPartyApp products"]]>
              </value>
            </param>
            <param index="1">
              <value>
                <![CDATA["validate ThirdPartyApp flow with pickUp"]]>
              </value>
            </param>
          </params>
          <reporter-output>
          </reporter-output>
        </test-method> <!-- runScenario -->
        <test-method is-config="true" signature="tearDownClass()[pri:0, instance:com.FXO_Shiftleft_BDD.automation.testRunner.RunTest@63eef88a]" started-at="2022-12-06T11:09:54 CST" name="tearDownClass" finished-at="2022-12-06T11:09:54 CST" duration-ms="30" status="PASS">
          <reporter-output>
          </reporter-output>
        </test-method> <!-- tearDownClass -->
      </class> <!-- com.FXO_Shiftleft_BDD.automation.testRunner.RunTest -->
    </test> <!-- Shift Left -->
  </suite> <!-- FXO_Shiftleft_BDD -->
</testng-results>
