<?xml version="1.0" encoding="UTF-8"?>
<testng-results ignored="0" total="6" passed="2" failed="4" skipped="0">
  <reporter-output>
  </reporter-output>
  <suite started-at="2022-12-20T14:36:09 CST" name="FXO_Shiftleft_BDD" finished-at="2022-12-20T14:43:54 CST" duration-ms="464422">
    <groups>
      <group name="cucumber">
        <method signature="AbstractTestNGCucumberTests.runScenario(io.cucumber.testng.PickleWrapper,io.cucumber.testng.FeatureWrapper)[pri:0, instance:com.FXO_Shiftleft_BDD.automation.testRunner.RunTest@352c1b98]" name="runScenario" class="io.cucumber.testng.AbstractTestNGCucumberTests"/>
      </group> <!-- cucumber -->
    </groups>
    <test started-at="2022-12-20T14:36:09 CST" name="Shift Left" finished-at="2022-12-20T14:43:54 CST" duration-ms="464422">
      <class name="com.FXO_Shiftleft_BDD.automation.testRunner.RunTest">
        <test-method is-config="true" signature="setUpClass(org.testng.ITestContext)[pri:0, instance:com.FXO_Shiftleft_BDD.automation.testRunner.RunTest@352c1b98]" started-at="2022-12-20T14:36:09 CST" name="setUpClass" finished-at="2022-12-20T14:36:10 CST" duration-ms="602" status="PASS">
          <params>
            <param index="0">
              <value>
                <![CDATA[org.testng.TestRunner@53941c2f]]>
              </value>
            </param>
          </params>
          <reporter-output>
          </reporter-output>
        </test-method> <!-- setUpClass -->
        <test-method signature="runScenario(io.cucumber.testng.PickleWrapper,io.cucumber.testng.FeatureWrapper)[pri:0, instance:com.FXO_Shiftleft_BDD.automation.testRunner.RunTest@352c1b98]" started-at="2022-12-20T14:36:10 CST" name="runScenario" description="Runs Cucumber Scenarios" data-provider="scenarios" finished-at="2022-12-20T14:38:01 CST" duration-ms="110854" status="FAIL">
          <params>
            <param index="0">
              <value>
                <![CDATA["validate pickupFlow with CC"]]>
              </value>
            </param>
            <param index="1">
              <value>
                <![CDATA["validate pickupFlow"]]>
              </value>
            </param>
          </params>
          <exception class="com.microsoft.playwright.TimeoutError">
            <message>
              <![CDATA[Error {
  message='Timeout 30000ms exceeded.
=========================== logs ===========================
  waiting for frameLocator("xpath=//iframe[@id='fedex_iframe']").first()
============================================================
  name='TimeoutError
  stack='TimeoutError: Timeout 30000ms exceeded.
=========================== logs ===========================
  waiting for frameLocator("xpath=//iframe[@id='fedex_iframe']").first()
============================================================
    at ProgressController.run (C:\Users\4652497\AppData\Local\Temp\playwright-java-12216915118834570512\package\lib\server\progress.js:88:26)
    at Frame.setInputFiles (C:\Users\4652497\AppData\Local\Temp\playwright-java-12216915118834570512\package\lib\server\frames.js:1111:23)
    at FrameDispatcher.setInputFiles (C:\Users\4652497\AppData\Local\Temp\playwright-java-12216915118834570512\package\lib\server\dispatchers\frameDispatcher.js:234:30)
    at DispatcherConnection.dispatch (C:\Users\4652497\AppData\Local\Temp\playwright-java-12216915118834570512\package\lib\server\dispatchers\dispatcher.js:317:46)
}]]>
            </message>
            <full-stacktrace>
              <![CDATA[com.microsoft.playwright.TimeoutError: Error {
  message='Timeout 30000ms exceeded.
=========================== logs ===========================
  waiting for frameLocator("xpath=//iframe[@id='fedex_iframe']").first()
============================================================
  name='TimeoutError
  stack='TimeoutError: Timeout 30000ms exceeded.
=========================== logs ===========================
  waiting for frameLocator("xpath=//iframe[@id='fedex_iframe']").first()
============================================================
    at ProgressController.run (C:\Users\4652497\AppData\Local\Temp\playwright-java-12216915118834570512\package\lib\server\progress.js:88:26)
    at Frame.setInputFiles (C:\Users\4652497\AppData\Local\Temp\playwright-java-12216915118834570512\package\lib\server\frames.js:1111:23)
    at FrameDispatcher.setInputFiles (C:\Users\4652497\AppData\Local\Temp\playwright-java-12216915118834570512\package\lib\server\dispatchers\frameDispatcher.js:234:30)
    at DispatcherConnection.dispatch (C:\Users\4652497\AppData\Local\Temp\playwright-java-12216915118834570512\package\lib\server\dispatchers\dispatcher.js:317:46)
}
at com.microsoft.playwright.impl.WaitableResult.get(WaitableResult.java:52)
at com.microsoft.playwright.impl.ChannelOwner.runUntil(ChannelOwner.java:111)
at com.microsoft.playwright.impl.Connection.sendMessage(Connection.java:119)
at com.microsoft.playwright.impl.ChannelOwner.sendMessage(ChannelOwner.java:102)
at com.microsoft.playwright.impl.FrameImpl.setInputFilesImpl(FrameImpl.java:782)
at com.microsoft.playwright.impl.FrameImpl.setInputFilesImpl(FrameImpl.java:760)
at com.microsoft.playwright.impl.FrameImpl.lambda$setInputFiles$36(FrameImpl.java:747)
at com.microsoft.playwright.impl.LoggingSupport.lambda$withLogging$0(LoggingSupport.java:36)
at com.microsoft.playwright.impl.LoggingSupport.withLogging(LoggingSupport.java:47)
at com.microsoft.playwright.impl.ChannelOwner.withLogging(ChannelOwner.java:87)
at com.microsoft.playwright.impl.LoggingSupport.withLogging(LoggingSupport.java:35)
at com.microsoft.playwright.impl.FrameImpl.setInputFiles(FrameImpl.java:747)
at com.microsoft.playwright.impl.FrameImpl.setInputFiles(FrameImpl.java:733)
at com.microsoft.playwright.impl.LocatorImpl.setInputFiles(LocatorImpl.java:471)
at com.microsoft.playwright.Locator.setInputFiles(Locator.java:3515)
at com.FXO_Shiftleft_BDD.automation.Pages.homePage.uploadTemplates(homePage.java:115)
at com.FXO_Shiftleft_BDD.automation.stepDefinations.pickupFlowSteps.upload_templateFile(pickupFlowSteps.java:47)
at ✽.upload templateFile(file:///C:/Users/4652497/git/pod2.0-shift-left-framework/./src/test/resources/Feature/PickupFlow_CCPayment.feature:6)
Caused by: com.microsoft.playwright.TimeoutError: Error {
  message='Timeout 30000ms exceeded.
=========================== logs ===========================
  waiting for frameLocator("xpath=//iframe[@id='fedex_iframe']").first()
============================================================
  name='TimeoutError
  stack='TimeoutError: Timeout 30000ms exceeded.
=========================== logs ===========================
  waiting for frameLocator("xpath=//iframe[@id='fedex_iframe']").first()
============================================================
    at ProgressController.run (C:\Users\4652497\AppData\Local\Temp\playwright-java-12216915118834570512\package\lib\server\progress.js:88:26)
    at Frame.setInputFiles (C:\Users\4652497\AppData\Local\Temp\playwright-java-12216915118834570512\package\lib\server\frames.js:1111:23)
    at FrameDispatcher.setInputFiles (C:\Users\4652497\AppData\Local\Temp\playwright-java-12216915118834570512\package\lib\server\dispatchers\frameDispatcher.js:234:30)
    at DispatcherConnection.dispatch (C:\Users\4652497\AppData\Local\Temp\playwright-java-12216915118834570512\package\lib\server\dispatchers\dispatcher.js:317:46)
}
at com.microsoft.playwright.impl.Connection.dispatch(Connection.java:199)
at com.microsoft.playwright.impl.Connection.processOneMessage(Connection.java:181)
at com.microsoft.playwright.impl.ChannelOwner.runUntil(ChannelOwner.java:109)
at com.microsoft.playwright.impl.Connection.sendMessage(Connection.java:119)
at com.microsoft.playwright.impl.ChannelOwner.sendMessage(ChannelOwner.java:102)
at com.microsoft.playwright.impl.FrameImpl.setInputFilesImpl(FrameImpl.java:782)
at com.microsoft.playwright.impl.FrameImpl.setInputFilesImpl(FrameImpl.java:760)
at com.microsoft.playwright.impl.FrameImpl.lambda$setInputFiles$36(FrameImpl.java:747)
at com.microsoft.playwright.impl.LoggingSupport.lambda$withLogging$0(LoggingSupport.java:36)
at com.microsoft.playwright.impl.LoggingSupport.withLogging(LoggingSupport.java:47)
at com.microsoft.playwright.impl.ChannelOwner.withLogging(ChannelOwner.java:87)
at com.microsoft.playwright.impl.LoggingSupport.withLogging(LoggingSupport.java:35)
at com.microsoft.playwright.impl.FrameImpl.setInputFiles(FrameImpl.java:747)
at com.microsoft.playwright.impl.FrameImpl.setInputFiles(FrameImpl.java:733)
at com.microsoft.playwright.impl.LocatorImpl.setInputFiles(LocatorImpl.java:471)
at com.microsoft.playwright.Locator.setInputFiles(Locator.java:3515)
at com.FXO_Shiftleft_BDD.automation.Pages.homePage.uploadTemplates(homePage.java:115)
at com.FXO_Shiftleft_BDD.automation.stepDefinations.pickupFlowSteps.upload_templateFile(pickupFlowSteps.java:47)
at java.base/jdk.internal.reflect.DirectMethodHandleAccessor.invoke(DirectMethodHandleAccessor.java:104)
at java.base/java.lang.reflect.Method.invoke(Method.java:577)
at io.cucumber.java.Invoker.doInvoke(Invoker.java:66)
at io.cucumber.java.Invoker.invoke(Invoker.java:24)
at io.cucumber.java.AbstractGlueDefinition.invokeMethod(AbstractGlueDefinition.java:47)
at io.cucumber.java.JavaStepDefinition.execute(JavaStepDefinition.java:29)
at io.cucumber.core.runner.CoreStepDefinition.execute(CoreStepDefinition.java:66)
at io.cucumber.core.runner.PickleStepDefinitionMatch.runStep(PickleStepDefinitionMatch.java:63)
at io.cucumber.core.runner.ExecutionMode$1.execute(ExecutionMode.java:10)
at io.cucumber.core.runner.TestStep.executeStep(TestStep.java:85)
at io.cucumber.core.runner.TestStep.run(TestStep.java:57)
at io.cucumber.core.runner.PickleStepTestStep.run(PickleStepTestStep.java:51)
at io.cucumber.core.runner.TestCase.run(TestCase.java:84)
at io.cucumber.core.runner.Runner.runPickle(Runner.java:75)
at io.cucumber.testng.TestNGCucumberRunner.lambda$runScenario$1(TestNGCucumberRunner.java:132)
at io.cucumber.core.runtime.CucumberExecutionContext.lambda$runTestCase$5(CucumberExecutionContext.java:129)
at io.cucumber.core.runtime.RethrowingThrowableCollector.executeAndThrow(RethrowingThrowableCollector.java:23)
at io.cucumber.core.runtime.CucumberExecutionContext.runTestCase(CucumberExecutionContext.java:129)
at io.cucumber.testng.TestNGCucumberRunner.runScenario(TestNGCucumberRunner.java:129)
at io.cucumber.testng.AbstractTestNGCucumberTests.runScenario(AbstractTestNGCucumberTests.java:35)
at java.base/jdk.internal.reflect.DirectMethodHandleAccessor.invoke(DirectMethodHandleAccessor.java:104)
at java.base/java.lang.reflect.Method.invoke(Method.java:577)
at org.testng.internal.invokers.MethodInvocationHelper.invokeMethod(MethodInvocationHelper.java:139)
at org.testng.internal.invokers.TestInvoker.invokeMethod(TestInvoker.java:677)
at org.testng.internal.invokers.TestInvoker.invokeTestMethod(TestInvoker.java:221)
at org.testng.internal.invokers.MethodRunner.runInSequence(MethodRunner.java:50)
at org.testng.internal.invokers.TestInvoker$MethodInvocationAgent.invoke(TestInvoker.java:962)
at org.testng.internal.invokers.TestInvoker.invokeTestMethods(TestInvoker.java:194)
at org.testng.internal.invokers.TestMethodWorker.invokeTestMethods(TestMethodWorker.java:148)
at org.testng.internal.invokers.TestMethodWorker.run(TestMethodWorker.java:128)
at java.base/java.util.concurrent.ThreadPoolExecutor.runWorker(ThreadPoolExecutor.java:1136)
at java.base/java.util.concurrent.ThreadPoolExecutor$Worker.run(ThreadPoolExecutor.java:635)
at java.base/java.lang.Thread.run(Thread.java:833)
]]>
            </full-stacktrace>
          </exception> <!-- com.microsoft.playwright.TimeoutError -->
          <reporter-output>
          </reporter-output>
        </test-method> <!-- runScenario -->
        <test-method signature="runScenario(io.cucumber.testng.PickleWrapper,io.cucumber.testng.FeatureWrapper)[pri:0, instance:com.FXO_Shiftleft_BDD.automation.testRunner.RunTest@352c1b98]" started-at="2022-12-20T14:38:01 CST" name="runScenario" description="Runs Cucumber Scenarios" data-provider="scenarios" finished-at="2022-12-20T14:39:16 CST" duration-ms="74764" status="FAIL">
          <params>
            <param index="0">
              <value>
                <![CDATA["validate ThirdPartyApp products"]]>
              </value>
            </param>
            <param index="1">
              <value>
                <![CDATA["validate ThirdPartyApp flow with pickUp"]]>
              </value>
            </param>
          </params>
          <exception class="org.opentest4j.AssertionFailedError">
            <message>
              <![CDATA[Locator expected to be enabled
Call log:
Locator.expect with timeout 5000ms
waiting for locator("xpath=//button[@id='upload-a-file-button']")]]>
            </message>
            <full-stacktrace>
              <![CDATA[org.opentest4j.AssertionFailedError: Locator expected to be enabled
Call log:
Locator.expect with timeout 5000ms
waiting for locator("xpath=//button[@id='upload-a-file-button']")
at com.microsoft.playwright.impl.AssertionsBase.expectImpl(AssertionsBase.java:68)
at com.microsoft.playwright.impl.AssertionsBase.expectImpl(AssertionsBase.java:50)
at com.microsoft.playwright.impl.LocatorAssertionsImpl.expectTrue(LocatorAssertionsImpl.java:338)
at com.microsoft.playwright.impl.LocatorAssertionsImpl.isEnabled(LocatorAssertionsImpl.java:316)
at com.microsoft.playwright.assertions.LocatorAssertions.isEnabled(LocatorAssertions.java:448)
at com.FXO_Shiftleft_BDD.automation.Pages.homePage.clickelement(homePage.java:69)
at com.FXO_Shiftleft_BDD.automation.Pages.homePage.uploadTemplates(homePage.java:106)
at com.FXO_Shiftleft_BDD.automation.stepDefinations.mirkalpickupSteps.upload_template(mirkalpickupSteps.java:75)
at ✽.upload template productOne11(file:///C:/Users/4652497/git/pod2.0-shift-left-framework/./src/test/resources/Feature/mirkalPickupFlow.feature:20)
]]>
            </full-stacktrace>
          </exception> <!-- org.opentest4j.AssertionFailedError -->
          <reporter-output>
          </reporter-output>
        </test-method> <!-- runScenario -->
        <test-method signature="runScenario(io.cucumber.testng.PickleWrapper,io.cucumber.testng.FeatureWrapper)[pri:0, instance:com.FXO_Shiftleft_BDD.automation.testRunner.RunTest@352c1b98]" started-at="2022-12-20T14:39:16 CST" name="runScenario" description="Runs Cucumber Scenarios" data-provider="scenarios" finished-at="2022-12-20T14:40:28 CST" duration-ms="72863" status="FAIL">
          <params>
            <param index="0">
              <value>
                <![CDATA["validate ThirdPartyApp products"]]>
              </value>
            </param>
            <param index="1">
              <value>
                <![CDATA["validate ThirdPartyApp flow with pickUp"]]>
              </value>
            </param>
          </params>
          <exception class="org.opentest4j.AssertionFailedError">
            <message>
              <![CDATA[Locator expected to be enabled
Call log:
Locator.expect with timeout 5000ms
waiting for locator("xpath=//button[@id='upload-a-file-button']")]]>
            </message>
            <full-stacktrace>
              <![CDATA[org.opentest4j.AssertionFailedError: Locator expected to be enabled
Call log:
Locator.expect with timeout 5000ms
waiting for locator("xpath=//button[@id='upload-a-file-button']")
at com.microsoft.playwright.impl.AssertionsBase.expectImpl(AssertionsBase.java:68)
at com.microsoft.playwright.impl.AssertionsBase.expectImpl(AssertionsBase.java:50)
at com.microsoft.playwright.impl.LocatorAssertionsImpl.expectTrue(LocatorAssertionsImpl.java:338)
at com.microsoft.playwright.impl.LocatorAssertionsImpl.isEnabled(LocatorAssertionsImpl.java:316)
at com.microsoft.playwright.assertions.LocatorAssertions.isEnabled(LocatorAssertions.java:448)
at com.FXO_Shiftleft_BDD.automation.Pages.homePage.clickelement(homePage.java:69)
at com.FXO_Shiftleft_BDD.automation.Pages.homePage.uploadTemplates(homePage.java:106)
at com.FXO_Shiftleft_BDD.automation.stepDefinations.mirkalpickupSteps.upload_template(mirkalpickupSteps.java:75)
at ✽.upload template productTwo22(file:///C:/Users/4652497/git/pod2.0-shift-left-framework/./src/test/resources/Feature/mirkalPickupFlow.feature:20)
]]>
            </full-stacktrace>
          </exception> <!-- org.opentest4j.AssertionFailedError -->
          <reporter-output>
          </reporter-output>
        </test-method> <!-- runScenario -->
        <test-method signature="runScenario(io.cucumber.testng.PickleWrapper,io.cucumber.testng.FeatureWrapper)[pri:0, instance:com.FXO_Shiftleft_BDD.automation.testRunner.RunTest@352c1b98]" started-at="2022-12-20T14:40:28 CST" name="runScenario" description="Runs Cucumber Scenarios" data-provider="scenarios" finished-at="2022-12-20T14:41:37 CST" duration-ms="68216" status="PASS">
          <params>
            <param index="0">
              <value>
                <![CDATA["validate ThirdPartyApp products"]]>
              </value>
            </param>
            <param index="1">
              <value>
                <![CDATA["validate ThirdPartyApp flow with pickUp"]]>
              </value>
            </param>
          </params>
          <reporter-output>
          </reporter-output>
        </test-method> <!-- runScenario -->
        <test-method signature="runScenario(io.cucumber.testng.PickleWrapper,io.cucumber.testng.FeatureWrapper)[pri:0, instance:com.FXO_Shiftleft_BDD.automation.testRunner.RunTest@352c1b98]" started-at="2022-12-20T14:41:37 CST" name="runScenario" description="Runs Cucumber Scenarios" data-provider="scenarios" finished-at="2022-12-20T14:42:48 CST" duration-ms="71476" status="FAIL">
          <params>
            <param index="0">
              <value>
                <![CDATA["validate ThirdPartyApp products"]]>
              </value>
            </param>
            <param index="1">
              <value>
                <![CDATA["validate ThirdPartyApp flow with pickUp"]]>
              </value>
            </param>
          </params>
          <exception class="com.microsoft.playwright.TimeoutError">
            <message>
              <![CDATA[Error {
  message='Timeout 30000ms exceeded.
=========================== logs ===========================
  waiting for frameLocator("xpath=//iframe[@class='pC-ENQ lyePVA']").first()
  locator resolved to visible <iframe allowfullscreen="" class="pC-ENQ lyePVA" aria-la…></iframe>
waiting for frameLocator("xpath=//iframe[@class='pC-ENQ lyePVA']").first().locator("xpath=//input[@type='search']")
============================================================
  name='TimeoutError
  stack='TimeoutError: Timeout 30000ms exceeded.
=========================== logs ===========================
  waiting for frameLocator("xpath=//iframe[@class='pC-ENQ lyePVA']").first()
  locator resolved to visible <iframe allowfullscreen="" class="pC-ENQ lyePVA" aria-la…></iframe>
waiting for frameLocator("xpath=//iframe[@class='pC-ENQ lyePVA']").first().locator("xpath=//input[@type='search']")
============================================================
    at ProgressController.run (C:\Users\4652497\AppData\Local\Temp\playwright-java-12216915118834570512\package\lib\server\progress.js:88:26)
    at Frame.fill (C:\Users\4652497\AppData\Local\Temp\playwright-java-12216915118834570512\package\lib\server\frames.js:988:23)
    at FrameDispatcher.fill (C:\Users\4652497\AppData\Local\Temp\playwright-java-12216915118834570512\package\lib\server\dispatchers\frameDispatcher.js:158:30)
    at DispatcherConnection.dispatch (C:\Users\4652497\AppData\Local\Temp\playwright-java-12216915118834570512\package\lib\server\dispatchers\dispatcher.js:317:46)
}]]>
            </message>
            <full-stacktrace>
              <![CDATA[com.microsoft.playwright.TimeoutError: Error {
  message='Timeout 30000ms exceeded.
=========================== logs ===========================
  waiting for frameLocator("xpath=//iframe[@class='pC-ENQ lyePVA']").first()
  locator resolved to visible <iframe allowfullscreen="" class="pC-ENQ lyePVA" aria-la…></iframe>
waiting for frameLocator("xpath=//iframe[@class='pC-ENQ lyePVA']").first().locator("xpath=//input[@type='search']")
============================================================
  name='TimeoutError
  stack='TimeoutError: Timeout 30000ms exceeded.
=========================== logs ===========================
  waiting for frameLocator("xpath=//iframe[@class='pC-ENQ lyePVA']").first()
  locator resolved to visible <iframe allowfullscreen="" class="pC-ENQ lyePVA" aria-la…></iframe>
waiting for frameLocator("xpath=//iframe[@class='pC-ENQ lyePVA']").first().locator("xpath=//input[@type='search']")
============================================================
    at ProgressController.run (C:\Users\4652497\AppData\Local\Temp\playwright-java-12216915118834570512\package\lib\server\progress.js:88:26)
    at Frame.fill (C:\Users\4652497\AppData\Local\Temp\playwright-java-12216915118834570512\package\lib\server\frames.js:988:23)
    at FrameDispatcher.fill (C:\Users\4652497\AppData\Local\Temp\playwright-java-12216915118834570512\package\lib\server\dispatchers\frameDispatcher.js:158:30)
    at DispatcherConnection.dispatch (C:\Users\4652497\AppData\Local\Temp\playwright-java-12216915118834570512\package\lib\server\dispatchers\dispatcher.js:317:46)
}
at com.microsoft.playwright.impl.WaitableResult.get(WaitableResult.java:52)
at com.microsoft.playwright.impl.ChannelOwner.runUntil(ChannelOwner.java:111)
at com.microsoft.playwright.impl.Connection.sendMessage(Connection.java:119)
at com.microsoft.playwright.impl.ChannelOwner.sendMessage(ChannelOwner.java:102)
at com.microsoft.playwright.impl.FrameImpl.fillImpl(FrameImpl.java:339)
at com.microsoft.playwright.impl.FrameImpl.lambda$fill$15(FrameImpl.java:329)
at com.microsoft.playwright.impl.LoggingSupport.lambda$withLogging$0(LoggingSupport.java:36)
at com.microsoft.playwright.impl.LoggingSupport.withLogging(LoggingSupport.java:47)
at com.microsoft.playwright.impl.ChannelOwner.withLogging(ChannelOwner.java:87)
at com.microsoft.playwright.impl.LoggingSupport.withLogging(LoggingSupport.java:35)
at com.microsoft.playwright.impl.FrameImpl.fill(FrameImpl.java:329)
at com.microsoft.playwright.impl.LocatorImpl.fill(LocatorImpl.java:182)
at com.microsoft.playwright.Locator.fill(Locator.java:2473)
at com.FXO_Shiftleft_BDD.automation.Pages.mirkalDesignTemplatesPage.searchMirkalproducts(mirkalDesignTemplatesPage.java:47)
at com.FXO_Shiftleft_BDD.automation.stepDefinations.mirkalpickupSteps.select_ThirdPartyApp(mirkalpickupSteps.java:61)
at ✽.select ThirdPartyApp Flyers(file:///C:/Users/4652497/git/pod2.0-shift-left-framework/./src/test/resources/Feature/mirkalPickupFlow.feature:19)
Caused by: com.microsoft.playwright.TimeoutError: Error {
  message='Timeout 30000ms exceeded.
=========================== logs ===========================
  waiting for frameLocator("xpath=//iframe[@class='pC-ENQ lyePVA']").first()
  locator resolved to visible <iframe allowfullscreen="" class="pC-ENQ lyePVA" aria-la…></iframe>
waiting for frameLocator("xpath=//iframe[@class='pC-ENQ lyePVA']").first().locator("xpath=//input[@type='search']")
============================================================
  name='TimeoutError
  stack='TimeoutError: Timeout 30000ms exceeded.
=========================== logs ===========================
  waiting for frameLocator("xpath=//iframe[@class='pC-ENQ lyePVA']").first()
  locator resolved to visible <iframe allowfullscreen="" class="pC-ENQ lyePVA" aria-la…></iframe>
waiting for frameLocator("xpath=//iframe[@class='pC-ENQ lyePVA']").first().locator("xpath=//input[@type='search']")
============================================================
    at ProgressController.run (C:\Users\4652497\AppData\Local\Temp\playwright-java-12216915118834570512\package\lib\server\progress.js:88:26)
    at Frame.fill (C:\Users\4652497\AppData\Local\Temp\playwright-java-12216915118834570512\package\lib\server\frames.js:988:23)
    at FrameDispatcher.fill (C:\Users\4652497\AppData\Local\Temp\playwright-java-12216915118834570512\package\lib\server\dispatchers\frameDispatcher.js:158:30)
    at DispatcherConnection.dispatch (C:\Users\4652497\AppData\Local\Temp\playwright-java-12216915118834570512\package\lib\server\dispatchers\dispatcher.js:317:46)
}
at com.microsoft.playwright.impl.Connection.dispatch(Connection.java:199)
at com.microsoft.playwright.impl.Connection.processOneMessage(Connection.java:181)
at com.microsoft.playwright.impl.ChannelOwner.runUntil(ChannelOwner.java:109)
at com.microsoft.playwright.impl.Connection.sendMessage(Connection.java:119)
at com.microsoft.playwright.impl.ChannelOwner.sendMessage(ChannelOwner.java:102)
at com.microsoft.playwright.impl.FrameImpl.fillImpl(FrameImpl.java:339)
at com.microsoft.playwright.impl.FrameImpl.lambda$fill$15(FrameImpl.java:329)
at com.microsoft.playwright.impl.LoggingSupport.lambda$withLogging$0(LoggingSupport.java:36)
at com.microsoft.playwright.impl.LoggingSupport.withLogging(LoggingSupport.java:47)
at com.microsoft.playwright.impl.ChannelOwner.withLogging(ChannelOwner.java:87)
at com.microsoft.playwright.impl.LoggingSupport.withLogging(LoggingSupport.java:35)
at com.microsoft.playwright.impl.FrameImpl.fill(FrameImpl.java:329)
at com.microsoft.playwright.impl.LocatorImpl.fill(LocatorImpl.java:182)
at com.microsoft.playwright.Locator.fill(Locator.java:2473)
at com.FXO_Shiftleft_BDD.automation.Pages.mirkalDesignTemplatesPage.searchMirkalproducts(mirkalDesignTemplatesPage.java:47)
at com.FXO_Shiftleft_BDD.automation.stepDefinations.mirkalpickupSteps.select_ThirdPartyApp(mirkalpickupSteps.java:61)
at java.base/jdk.internal.reflect.DirectMethodHandleAccessor.invoke(DirectMethodHandleAccessor.java:104)
at java.base/java.lang.reflect.Method.invoke(Method.java:577)
at io.cucumber.java.Invoker.doInvoke(Invoker.java:66)
at io.cucumber.java.Invoker.invoke(Invoker.java:24)
at io.cucumber.java.AbstractGlueDefinition.invokeMethod(AbstractGlueDefinition.java:47)
at io.cucumber.java.JavaStepDefinition.execute(JavaStepDefinition.java:29)
at io.cucumber.core.runner.CoreStepDefinition.execute(CoreStepDefinition.java:66)
at io.cucumber.core.runner.PickleStepDefinitionMatch.runStep(PickleStepDefinitionMatch.java:63)
at io.cucumber.core.runner.ExecutionMode$1.execute(ExecutionMode.java:10)
at io.cucumber.core.runner.TestStep.executeStep(TestStep.java:85)
at io.cucumber.core.runner.TestStep.run(TestStep.java:57)
at io.cucumber.core.runner.PickleStepTestStep.run(PickleStepTestStep.java:51)
at io.cucumber.core.runner.TestCase.run(TestCase.java:84)
at io.cucumber.core.runner.Runner.runPickle(Runner.java:75)
at io.cucumber.testng.TestNGCucumberRunner.lambda$runScenario$1(TestNGCucumberRunner.java:132)
at io.cucumber.core.runtime.CucumberExecutionContext.lambda$runTestCase$5(CucumberExecutionContext.java:129)
at io.cucumber.core.runtime.RethrowingThrowableCollector.executeAndThrow(RethrowingThrowableCollector.java:23)
at io.cucumber.core.runtime.CucumberExecutionContext.runTestCase(CucumberExecutionContext.java:129)
at io.cucumber.testng.TestNGCucumberRunner.runScenario(TestNGCucumberRunner.java:129)
at io.cucumber.testng.AbstractTestNGCucumberTests.runScenario(AbstractTestNGCucumberTests.java:35)
at java.base/jdk.internal.reflect.DirectMethodHandleAccessor.invoke(DirectMethodHandleAccessor.java:104)
at java.base/java.lang.reflect.Method.invoke(Method.java:577)
at org.testng.internal.invokers.MethodInvocationHelper.invokeMethod(MethodInvocationHelper.java:139)
at org.testng.internal.invokers.TestInvoker.invokeMethod(TestInvoker.java:677)
at org.testng.internal.invokers.TestInvoker.invokeTestMethod(TestInvoker.java:221)
at org.testng.internal.invokers.MethodRunner.runInSequence(MethodRunner.java:50)
at org.testng.internal.invokers.TestInvoker$MethodInvocationAgent.invoke(TestInvoker.java:962)
at org.testng.internal.invokers.TestInvoker.invokeTestMethods(TestInvoker.java:194)
at org.testng.internal.invokers.TestMethodWorker.invokeTestMethods(TestMethodWorker.java:148)
at org.testng.internal.invokers.TestMethodWorker.run(TestMethodWorker.java:128)
at java.base/java.util.concurrent.ThreadPoolExecutor.runWorker(ThreadPoolExecutor.java:1136)
at java.base/java.util.concurrent.ThreadPoolExecutor$Worker.run(ThreadPoolExecutor.java:635)
at java.base/java.lang.Thread.run(Thread.java:833)
]]>
            </full-stacktrace>
          </exception> <!-- com.microsoft.playwright.TimeoutError -->
          <reporter-output>
          </reporter-output>
        </test-method> <!-- runScenario -->
        <test-method signature="runScenario(io.cucumber.testng.PickleWrapper,io.cucumber.testng.FeatureWrapper)[pri:0, instance:com.FXO_Shiftleft_BDD.automation.testRunner.RunTest@352c1b98]" started-at="2022-12-20T14:42:48 CST" name="runScenario" description="Runs Cucumber Scenarios" data-provider="scenarios" finished-at="2022-12-20T14:43:53 CST" duration-ms="65318" status="PASS">
          <params>
            <param index="0">
              <value>
                <![CDATA["validate ThirdPartyApp products"]]>
              </value>
            </param>
            <param index="1">
              <value>
                <![CDATA["validate ThirdPartyApp flow with pickUp"]]>
              </value>
            </param>
          </params>
          <reporter-output>
          </reporter-output>
        </test-method> <!-- runScenario -->
        <test-method is-config="true" signature="tearDownClass()[pri:0, instance:com.FXO_Shiftleft_BDD.automation.testRunner.RunTest@352c1b98]" started-at="2022-12-20T14:43:53 CST" name="tearDownClass" finished-at="2022-12-20T14:43:54 CST" duration-ms="73" status="PASS">
          <reporter-output>
          </reporter-output>
        </test-method> <!-- tearDownClass -->
      </class> <!-- com.FXO_Shiftleft_BDD.automation.testRunner.RunTest -->
    </test> <!-- Shift Left -->
  </suite> <!-- FXO_Shiftleft_BDD -->
</testng-results>
