<?xml version="1.0" encoding="UTF-8"?>
<testsuite xmlns:xsi="http://www.w3.org/2001/XMLSchema-instance" xsi:noNamespaceSchemaLocation="https://maven.apache.org/surefire/maven-surefire-plugin/xsd/surefire-test-report.xsd" name="TestSuite" time="465.826" tests="6" errors="0" skipped="0" failures="4">
  <properties>
[...]
</properties>
  <testcase name="runScenario" classname="com.FXO_Shiftleft_BDD.automation.testRunner.RunTest" time="111.007">
    <failure message="Error {&#10;  message=&apos;Timeout 30000ms exceeded.&#10;=========================== logs ===========================&#10;  waiting for frameLocator(&quot;xpath=//iframe[@id=&apos;fedex_iframe&apos;]&quot;).first()&#10;============================================================&#10;  name=&apos;TimeoutError&#10;  stack=&apos;TimeoutError: Timeout 30000ms exceeded.&#10;=========================== logs ===========================&#10;  waiting for frameLocator(&quot;xpath=//iframe[@id=&apos;fedex_iframe&apos;]&quot;).first()&#10;============================================================&#10;    at ProgressController.run (C:\Users\4652497\AppData\Local\Temp\playwright-java-12216915118834570512\package\lib\server\progress.js:88:26)&#10;    at Frame.setInputFiles (C:\Users\4652497\AppData\Local\Temp\playwright-java-12216915118834570512\package\lib\server\frames.js:1111:23)&#10;    at FrameDispatcher.setInputFiles (C:\Users\4652497\AppData\Local\Temp\playwright-java-12216915118834570512\package\lib\server\dispatchers\frameDispatcher.js:234:30)&#10;    at DispatcherConnection.dispatch (C:\Users\4652497\AppData\Local\Temp\playwright-java-12216915118834570512\package\lib\server\dispatchers\dispatcher.js:317:46)&#10;}" type="com.microsoft.playwright.TimeoutError">com.microsoft.playwright.TimeoutError: 
Error {
  message='Timeout 30000ms exceeded.
=========================== logs ===========================
  waiting for frameLocator("xpath=//iframe[@id='fedex_iframe']").first()
============================================================
  name='TimeoutError
  stack='TimeoutError: Timeout 30000ms exceeded.
=========================== logs ===========================
  waiting for frameLocator("xpath=//iframe[@id='fedex_iframe']").first()
============================================================
    at ProgressController.run (C:\Users\4652497\AppData\Local\Temp\playwright-java-12216915118834570512\package\lib\server\progress.js:88:26)
    at Frame.setInputFiles (C:\Users\4652497\AppData\Local\Temp\playwright-java-12216915118834570512\package\lib\server\frames.js:1111:23)
    at FrameDispatcher.setInputFiles (C:\Users\4652497\AppData\Local\Temp\playwright-java-12216915118834570512\package\lib\server\dispatchers\frameDispatcher.js:234:30)
    at DispatcherConnection.dispatch (C:\Users\4652497\AppData\Local\Temp\playwright-java-12216915118834570512\package\lib\server\dispatchers\dispatcher.js:317:46)
}
Caused by: com.microsoft.playwright.TimeoutError: 
Error {
  message='Timeout 30000ms exceeded.
=========================== logs ===========================
  waiting for frameLocator("xpath=//iframe[@id='fedex_iframe']").first()
============================================================
  name='TimeoutError
  stack='TimeoutError: Timeout 30000ms exceeded.
=========================== logs ===========================
  waiting for frameLocator("xpath=//iframe[@id='fedex_iframe']").first()
============================================================
    at ProgressController.run (C:\Users\4652497\AppData\Local\Temp\playwright-java-12216915118834570512\package\lib\server\progress.js:88:26)
    at Frame.setInputFiles (C:\Users\4652497\AppData\Local\Temp\playwright-java-12216915118834570512\package\lib\server\frames.js:1111:23)
    at FrameDispatcher.setInputFiles (C:\Users\4652497\AppData\Local\Temp\playwright-java-12216915118834570512\package\lib\server\dispatchers\frameDispatcher.js:234:30)
    at DispatcherConnection.dispatch (C:\Users\4652497\AppData\Local\Temp\playwright-java-12216915118834570512\package\lib\server\dispatchers\dispatcher.js:317:46)
}
</failure>
    <system-out><![CDATA[[DEBUG] suiteXmlPath: "C:\Users\4652497\git\pod2.0-shift-left-framework\testNG.xml"
[INFO] [Utils] MethodGroupsHelper.collectMethodsByGroup() took 1 ms.
[INFO] [Utils] MethodGroupsHelper.sortMethods() took 2 ms.
[INFO] [Utils] MethodGroupsHelper.collectMethodsByGroup() took 0 ms.
[INFO] [Utils] MethodGroupsHelper.sortMethods() took 0 ms.
[INFO] [Utils] MethodGroupsHelper.collectMethodsByGroup() took 0 ms.
[INFO] [Utils] MethodGroupsHelper.sortMethods() took 0 ms.
[INFO] [Utils] MethodGroupsHelper.collectMethodsByGroup() took 0 ms.
[INFO] [Utils] MethodGroupsHelper.sortMethods() took 0 ms.
[INFO] [Utils] MethodGroupsHelper.collectMethodsByGroup() took 0 ms.
[DEBUG] [Graph] ADDING NODE AbstractTestNGCucumberTests.setUpClass(org.testng.ITestContext)[pri:0, instance:null] -393284817
[DEBUG] [Graph] ================ SORTING
[DEBUG] [Graph] =============== DONE SORTING
[DEBUG] [Graph] ====== SORTED NODES
[DEBUG] [Graph] ====== END SORTED NODES
[INFO] [Utils] MethodGroupsHelper.sortMethods() took 14 ms.
[INFO] [Utils] MethodGroupsHelper.collectMethodsByGroup() took 0 ms.
[DEBUG] [Graph] ADDING NODE AbstractTestNGCucumberTests.tearDownClass()[pri:0, instance:null] 1523153566
[DEBUG] [Graph] ================ SORTING
[DEBUG] [Graph] =============== DONE SORTING
[DEBUG] [Graph] ====== SORTED NODES
[DEBUG] [Graph] ====== END SORTED NODES
[INFO] [Utils] MethodGroupsHelper.sortMethods() took 1 ms.
[INFO] [Utils] MethodGroupsHelper.collectMethodsByGroup() took 0 ms.
[INFO] [Utils] MethodGroupsHelper.sortMethods() took 0 ms.
[INFO] [Utils] MethodGroupsHelper.collectMethodsByGroup() took 0 ms.
[INFO] [Utils] MethodGroupsHelper.sortMethods() took 0 ms.
[INFO] [Utils] MethodGroupsHelper.collectMethodsByGroup() took 0 ms.
[INFO] [Utils] MethodGroupsHelper.sortMethods() took 0 ms.
[INFO] [Utils] MethodGroupsHelper.collectMethodsByGroup() took 0 ms.
[INFO] [Utils] MethodGroupsHelper.sortMethods() took 0 ms.
[INFO] [Utils] MethodGroupsHelper.collectMethodsByGroup() took 0 ms.
[INFO] [Utils] MethodGroupsHelper.sortMethods() took 0 ms.
[INFO] [Utils] MethodGroupsHelper.collectMethodsByGroup() took 0 ms.
[INFO] [Utils] MethodGroupsHelper.sortMethods() took 0 ms.
[INFO] [Utils] MethodGroupsHelper.collectMethodsByGroup() took 5 ms.
[DEBUG] [Graph] ADDING NODE AbstractTestNGCucumberTests.runScenario(io.cucumber.testng.PickleWrapper,io.cucumber.testng.FeatureWrapper)[pri:0, instance:com.FXO_Shiftleft_BDD.automation.testRunner.RunTest@352c1b98] -258276247
[DEBUG] [Graph] ================ SORTING
[DEBUG] [Graph] =============== DONE SORTING
[DEBUG] [Graph] ====== SORTED NODES
[DEBUG] [Graph] ====== END SORTED NODES
[INFO] [Utils] MethodGroupsHelper.sortMethods() took 1 ms.
[INFO] [Utils] MethodGroupsHelper.collectMethodsByGroup() took 0 ms.
[INFO] [Utils] MethodGroupsHelper.sortMethods() took 0 ms.
[INFO] [Utils] MethodGroupsHelper.collectMethodsByGroup() took 0 ms.
[INFO] [Utils] MethodGroupsHelper.sortMethods() took 0 ms.
[INFO] [Utils] DynamicGraphHelper.createDynamicGraph() took 2 ms.
[INFO] [TestRunner] Starting executor for test Shift Left with time out:2147483647 milliseconds.

Scenario: validate pickupFlow with CC    # src/test/resources/Feature/PickupFlow_CCPayment.feature:3
Browser Type:: chrome
Current Page Titile is :Retail Home Page
Page Url is https://staging2.office.fedex.com/
  Given launch application nonlogin      # com.FXO_Shiftleft_BDD.automation.stepDefinations.pickupFlowSteps.launch_application_nonlogin()
Product Name to search Flyers
Product found in search successfully
  When search product                    # com.FXO_Shiftleft_BDD.automation.stepDefinations.pickupFlowSteps.search_product()
  And upload templateFile                # com.FXO_Shiftleft_BDD.automation.stepDefinations.pickupFlowSteps.upload_templateFile()
      com.microsoft.playwright.TimeoutError: Error {
  message='Timeout 30000ms exceeded.
=========================== logs ===========================
  waiting for frameLocator("xpath=//iframe[@id='fedex_iframe']").first()
============================================================
  name='TimeoutError
  stack='TimeoutError: Timeout 30000ms exceeded.
=========================== logs ===========================
  waiting for frameLocator("xpath=//iframe[@id='fedex_iframe']").first()
============================================================
    at ProgressController.run (C:\Users\4652497\AppData\Local\Temp\playwright-java-12216915118834570512\package\lib\server\progress.js:88:26)
    at Frame.setInputFiles (C:\Users\4652497\AppData\Local\Temp\playwright-java-12216915118834570512\package\lib\server\frames.js:1111:23)
    at FrameDispatcher.setInputFiles (C:\Users\4652497\AppData\Local\Temp\playwright-java-12216915118834570512\package\lib\server\dispatchers\frameDispatcher.js:234:30)
    at DispatcherConnection.dispatch (C:\Users\4652497\AppData\Local\Temp\playwright-java-12216915118834570512\package\lib\server\dispatchers\dispatcher.js:317:46)
}
	at com.microsoft.playwright.impl.WaitableResult.get(WaitableResult.java:52)
	at com.microsoft.playwright.impl.ChannelOwner.runUntil(ChannelOwner.java:111)
	at com.microsoft.playwright.impl.Connection.sendMessage(Connection.java:119)
	at com.microsoft.playwright.impl.ChannelOwner.sendMessage(ChannelOwner.java:102)
	at com.microsoft.playwright.impl.FrameImpl.setInputFilesImpl(FrameImpl.java:782)
	at com.microsoft.playwright.impl.FrameImpl.setInputFilesImpl(FrameImpl.java:760)
	at com.microsoft.playwright.impl.FrameImpl.lambda$setInputFiles$36(FrameImpl.java:747)
	at com.microsoft.playwright.impl.LoggingSupport.lambda$withLogging$0(LoggingSupport.java:36)
	at com.microsoft.playwright.impl.LoggingSupport.withLogging(LoggingSupport.java:47)
	at com.microsoft.playwright.impl.ChannelOwner.withLogging(ChannelOwner.java:87)
	at com.microsoft.playwright.impl.LoggingSupport.withLogging(LoggingSupport.java:35)
	at com.microsoft.playwright.impl.FrameImpl.setInputFiles(FrameImpl.java:747)
	at com.microsoft.playwright.impl.FrameImpl.setInputFiles(FrameImpl.java:733)
	at com.microsoft.playwright.impl.LocatorImpl.setInputFiles(LocatorImpl.java:471)
	at com.microsoft.playwright.Locator.setInputFiles(Locator.java:3515)
	at com.FXO_Shiftleft_BDD.automation.Pages.homePage.uploadTemplates(homePage.java:115)
	at com.FXO_Shiftleft_BDD.automation.stepDefinations.pickupFlowSteps.upload_templateFile(pickupFlowSteps.java:47)
	at ✽.upload templateFile(file:///C:/Users/4652497/git/pod2.0-shift-left-framework/./src/test/resources/Feature/PickupFlow_CCPayment.feature:6)
Caused by: com.microsoft.playwright.TimeoutError: Error {
  message='Timeout 30000ms exceeded.
=========================== logs ===========================
  waiting for frameLocator("xpath=//iframe[@id='fedex_iframe']").first()
============================================================
  name='TimeoutError
  stack='TimeoutError: Timeout 30000ms exceeded.
=========================== logs ===========================
  waiting for frameLocator("xpath=//iframe[@id='fedex_iframe']").first()
============================================================
    at ProgressController.run (C:\Users\4652497\AppData\Local\Temp\playwright-java-12216915118834570512\package\lib\server\progress.js:88:26)
    at Frame.setInputFiles (C:\Users\4652497\AppData\Local\Temp\playwright-java-12216915118834570512\package\lib\server\frames.js:1111:23)
    at FrameDispatcher.setInputFiles (C:\Users\4652497\AppData\Local\Temp\playwright-java-12216915118834570512\package\lib\server\dispatchers\frameDispatcher.js:234:30)
    at DispatcherConnection.dispatch (C:\Users\4652497\AppData\Local\Temp\playwright-java-12216915118834570512\package\lib\server\dispatchers\dispatcher.js:317:46)
}
	at com.microsoft.playwright.impl.Connection.dispatch(Connection.java:199)
	at com.microsoft.playwright.impl.Connection.processOneMessage(Connection.java:181)
	at com.microsoft.playwright.impl.ChannelOwner.runUntil(ChannelOwner.java:109)
	at com.microsoft.playwright.impl.Connection.sendMessage(Connection.java:119)
	at com.microsoft.playwright.impl.ChannelOwner.sendMessage(ChannelOwner.java:102)
	at com.microsoft.playwright.impl.FrameImpl.setInputFilesImpl(FrameImpl.java:782)
	at com.microsoft.playwright.impl.FrameImpl.setInputFilesImpl(FrameImpl.java:760)
	at com.microsoft.playwright.impl.FrameImpl.lambda$setInputFiles$36(FrameImpl.java:747)
	at com.microsoft.playwright.impl.LoggingSupport.lambda$withLogging$0(LoggingSupport.java:36)
	at com.microsoft.playwright.impl.LoggingSupport.withLogging(LoggingSupport.java:47)
	at com.microsoft.playwright.impl.ChannelOwner.withLogging(ChannelOwner.java:87)
	at com.microsoft.playwright.impl.LoggingSupport.withLogging(LoggingSupport.java:35)
	at com.microsoft.playwright.impl.FrameImpl.setInputFiles(FrameImpl.java:747)
	at com.microsoft.playwright.impl.FrameImpl.setInputFiles(FrameImpl.java:733)
	at com.microsoft.playwright.impl.LocatorImpl.setInputFiles(LocatorImpl.java:471)
	at com.microsoft.playwright.Locator.setInputFiles(Locator.java:3515)
	at com.FXO_Shiftleft_BDD.automation.Pages.homePage.uploadTemplates(homePage.java:115)
	at com.FXO_Shiftleft_BDD.automation.stepDefinations.pickupFlowSteps.upload_templateFile(pickupFlowSteps.java:47)
	at java.base/jdk.internal.reflect.DirectMethodHandleAccessor.invoke(DirectMethodHandleAccessor.java:104)
	at java.base/java.lang.reflect.Method.invoke(Method.java:577)
	at io.cucumber.java.Invoker.doInvoke(Invoker.java:66)
	at io.cucumber.java.Invoker.invoke(Invoker.java:24)
	at io.cucumber.java.AbstractGlueDefinition.invokeMethod(AbstractGlueDefinition.java:47)
	at io.cucumber.java.JavaStepDefinition.execute(JavaStepDefinition.java:29)
	at io.cucumber.core.runner.CoreStepDefinition.execute(CoreStepDefinition.java:66)
	at io.cucumber.core.runner.PickleStepDefinitionMatch.runStep(PickleStepDefinitionMatch.java:63)
	at io.cucumber.core.runner.ExecutionMode$1.execute(ExecutionMode.java:10)
	at io.cucumber.core.runner.TestStep.executeStep(TestStep.java:85)
	at io.cucumber.core.runner.TestStep.run(TestStep.java:57)
	at io.cucumber.core.runner.PickleStepTestStep.run(PickleStepTestStep.java:51)
	at io.cucumber.core.runner.TestCase.run(TestCase.java:84)
	at io.cucumber.core.runner.Runner.runPickle(Runner.java:75)
	at io.cucumber.testng.TestNGCucumberRunner.lambda$runScenario$1(TestNGCucumberRunner.java:132)
	at io.cucumber.core.runtime.CucumberExecutionContext.lambda$runTestCase$5(CucumberExecutionContext.java:129)
	at io.cucumber.core.runtime.RethrowingThrowableCollector.executeAndThrow(RethrowingThrowableCollector.java:23)
	at io.cucumber.core.runtime.CucumberExecutionContext.runTestCase(CucumberExecutionContext.java:129)
	at io.cucumber.testng.TestNGCucumberRunner.runScenario(TestNGCucumberRunner.java:129)
	at io.cucumber.testng.AbstractTestNGCucumberTests.runScenario(AbstractTestNGCucumberTests.java:35)
	at java.base/jdk.internal.reflect.DirectMethodHandleAccessor.invoke(DirectMethodHandleAccessor.java:104)
	at java.base/java.lang.reflect.Method.invoke(Method.java:577)
	at org.testng.internal.invokers.MethodInvocationHelper.invokeMethod(MethodInvocationHelper.java:139)
	at org.testng.internal.invokers.TestInvoker.invokeMethod(TestInvoker.java:677)
	at org.testng.internal.invokers.TestInvoker.invokeTestMethod(TestInvoker.java:221)
	at org.testng.internal.invokers.MethodRunner.runInSequence(MethodRunner.java:50)
	at org.testng.internal.invokers.TestInvoker$MethodInvocationAgent.invoke(TestInvoker.java:962)
	at org.testng.internal.invokers.TestInvoker.invokeTestMethods(TestInvoker.java:194)
	at org.testng.internal.invokers.TestMethodWorker.invokeTestMethods(TestMethodWorker.java:148)
	at org.testng.internal.invokers.TestMethodWorker.run(TestMethodWorker.java:128)
	at java.base/java.util.concurrent.ThreadPoolExecutor.runWorker(ThreadPoolExecutor.java:1136)
	at java.base/java.util.concurrent.ThreadPoolExecutor$Worker.run(ThreadPoolExecutor.java:635)
	at java.base/java.lang.Thread.run(Thread.java:833)

  Then add to cart                       # com.FXO_Shiftleft_BDD.automation.stepDefinations.pickupFlowSteps.add_to_cart()
  And proceed to checkout nonlogin       # com.FXO_Shiftleft_BDD.automation.stepDefinations.pickupFlowSteps.proceed_to_checkout_nonlogin()
  And select pickup option               # com.FXO_Shiftleft_BDD.automation.stepDefinations.pickupFlowSteps.select_pickup_option()
  Then continue to payment nonlogin      # com.FXO_Shiftleft_BDD.automation.stepDefinations.pickupFlowSteps.continue_to_payment_nonlogin()
  Then select CC payment method nonlogin # com.FXO_Shiftleft_BDD.automation.stepDefinations.pickupFlowSteps.select_cc_payment_method_nonlogin()
  And click revirew order                # com.FXO_Shiftleft_BDD.automation.stepDefinations.pickupFlowSteps.click_revirew_order()
  Then submit order nonlogin             # com.FXO_Shiftleft_BDD.automation.stepDefinations.pickupFlowSteps.submit_order_nonlogin()
  And close browser                      # com.FXO_Shiftleft_BDD.automation.stepDefinations.pickupFlowSteps.close_bowser()
]]></system-out>
    <system-err><![CDATA[Upload button not actionable
]]></system-err>
  </testcase>
  <testcase name="runScenario" classname="com.FXO_Shiftleft_BDD.automation.testRunner.RunTest" time="74.746">
    <failure message="Locator expected to be enabled&#10;Call log:&#10;Locator.expect with timeout 5000ms&#10;waiting for locator(&quot;xpath=//button[@id=&apos;upload-a-file-button&apos;]&quot;)" type="org.opentest4j.AssertionFailedError">org.opentest4j.AssertionFailedError: 
Locator expected to be enabled
Call log:
Locator.expect with timeout 5000ms
waiting for locator("xpath=//button[@id='upload-a-file-button']")
</failure>
    <system-out><![CDATA[
Scenario Outline: validate ThirdPartyApp products # src/test/resources/Feature/mirkalPickupFlow.feature:31
Browser Type:: chrome
Current Page Titile is :Retail Home Page
Page Url is https://staging2.office.fedex.com/
  Given launch application                        # com.FXO_Shiftleft_BDD.automation.stepDefinations.mirkalpickupSteps.launch_application()
  When click on ThirdPartyApp templates           # com.FXO_Shiftleft_BDD.automation.stepDefinations.mirkalpickupSteps.click_on_ThirdPartyApp_templates()
Product Name is :: productOne11
itemName is  productOne11
Product Name:  productOne11
  And select ThirdPartyApp productOne11           # com.FXO_Shiftleft_BDD.automation.stepDefinations.mirkalpickupSteps.select_ThirdPartyApp(java.lang.String)
tempNameproductOne11
  And upload template productOne11                # com.FXO_Shiftleft_BDD.automation.stepDefinations.mirkalpickupSteps.upload_template(java.lang.String)
      org.opentest4j.AssertionFailedError: Locator expected to be enabled
Call log:
Locator.expect with timeout 5000ms
waiting for locator("xpath=//button[@id='upload-a-file-button']")
	at com.microsoft.playwright.impl.AssertionsBase.expectImpl(AssertionsBase.java:68)
	at com.microsoft.playwright.impl.AssertionsBase.expectImpl(AssertionsBase.java:50)
	at com.microsoft.playwright.impl.LocatorAssertionsImpl.expectTrue(LocatorAssertionsImpl.java:338)
	at com.microsoft.playwright.impl.LocatorAssertionsImpl.isEnabled(LocatorAssertionsImpl.java:316)
	at com.microsoft.playwright.assertions.LocatorAssertions.isEnabled(LocatorAssertions.java:448)
	at com.FXO_Shiftleft_BDD.automation.Pages.homePage.clickelement(homePage.java:69)
	at com.FXO_Shiftleft_BDD.automation.Pages.homePage.uploadTemplates(homePage.java:106)
	at com.FXO_Shiftleft_BDD.automation.stepDefinations.mirkalpickupSteps.upload_template(mirkalpickupSteps.java:75)
	at ✽.upload template productOne11(file:///C:/Users/4652497/git/pod2.0-shift-left-framework/./src/test/resources/Feature/mirkalPickupFlow.feature:20)

  Then click add to cart                          # com.FXO_Shiftleft_BDD.automation.stepDefinations.mirkalpickupSteps.click_add_to_cart()
  And proceed to checkout                         # com.FXO_Shiftleft_BDD.automation.stepDefinations.mirkalpickupSteps.proceed_to_checkout()
  And select pickup                               # com.FXO_Shiftleft_BDD.automation.stepDefinations.mirkalpickupSteps.select_pickup()
  Then continue to payment                        # com.FXO_Shiftleft_BDD.automation.stepDefinations.mirkalpickupSteps.continue_to_payment()
  Then select CC payment method                   # com.FXO_Shiftleft_BDD.automation.stepDefinations.mirkalpickupSteps.select_cc_payment_method()
  And click review                                # com.FXO_Shiftleft_BDD.automation.stepDefinations.mirkalpickupSteps.click_review()
  Then submit order                               # com.FXO_Shiftleft_BDD.automation.stepDefinations.mirkalpickupSteps.submit_order()
]]></system-out>
  </testcase>
  <testcase name="runScenario" classname="com.FXO_Shiftleft_BDD.automation.testRunner.RunTest" time="72.871">
    <failure message="Locator expected to be enabled&#10;Call log:&#10;Locator.expect with timeout 5000ms&#10;waiting for locator(&quot;xpath=//button[@id=&apos;upload-a-file-button&apos;]&quot;)" type="org.opentest4j.AssertionFailedError">org.opentest4j.AssertionFailedError: 
Locator expected to be enabled
Call log:
Locator.expect with timeout 5000ms
waiting for locator("xpath=//button[@id='upload-a-file-button']")
</failure>
    <system-out><![CDATA[
Scenario Outline: validate ThirdPartyApp products # src/test/resources/Feature/mirkalPickupFlow.feature:32
Browser Type:: chrome
Current Page Titile is :Retail Home Page
Page Url is https://staging2.office.fedex.com/
  Given launch application                        # com.FXO_Shiftleft_BDD.automation.stepDefinations.mirkalpickupSteps.launch_application()
  When click on ThirdPartyApp templates           # com.FXO_Shiftleft_BDD.automation.stepDefinations.mirkalpickupSteps.click_on_ThirdPartyApp_templates()
Product Name is :: productTwo22
itemName is  productTwo22
Product Name:  productTwo22
  And select ThirdPartyApp productTwo22           # com.FXO_Shiftleft_BDD.automation.stepDefinations.mirkalpickupSteps.select_ThirdPartyApp(java.lang.String)
tempNameproductTwo22
  And upload template productTwo22                # com.FXO_Shiftleft_BDD.automation.stepDefinations.mirkalpickupSteps.upload_template(java.lang.String)
      org.opentest4j.AssertionFailedError: Locator expected to be enabled
Call log:
Locator.expect with timeout 5000ms
waiting for locator("xpath=//button[@id='upload-a-file-button']")
	at com.microsoft.playwright.impl.AssertionsBase.expectImpl(AssertionsBase.java:68)
	at com.microsoft.playwright.impl.AssertionsBase.expectImpl(AssertionsBase.java:50)
	at com.microsoft.playwright.impl.LocatorAssertionsImpl.expectTrue(LocatorAssertionsImpl.java:338)
	at com.microsoft.playwright.impl.LocatorAssertionsImpl.isEnabled(LocatorAssertionsImpl.java:316)
	at com.microsoft.playwright.assertions.LocatorAssertions.isEnabled(LocatorAssertions.java:448)
	at com.FXO_Shiftleft_BDD.automation.Pages.homePage.clickelement(homePage.java:69)
	at com.FXO_Shiftleft_BDD.automation.Pages.homePage.uploadTemplates(homePage.java:106)
	at com.FXO_Shiftleft_BDD.automation.stepDefinations.mirkalpickupSteps.upload_template(mirkalpickupSteps.java:75)
	at ✽.upload template productTwo22(file:///C:/Users/4652497/git/pod2.0-shift-left-framework/./src/test/resources/Feature/mirkalPickupFlow.feature:20)

  Then click add to cart                          # com.FXO_Shiftleft_BDD.automation.stepDefinations.mirkalpickupSteps.click_add_to_cart()
  And proceed to checkout                         # com.FXO_Shiftleft_BDD.automation.stepDefinations.mirkalpickupSteps.proceed_to_checkout()
  And select pickup                               # com.FXO_Shiftleft_BDD.automation.stepDefinations.mirkalpickupSteps.select_pickup()
  Then continue to payment                        # com.FXO_Shiftleft_BDD.automation.stepDefinations.mirkalpickupSteps.continue_to_payment()
  Then select CC payment method                   # com.FXO_Shiftleft_BDD.automation.stepDefinations.mirkalpickupSteps.select_cc_payment_method()
  And click review                                # com.FXO_Shiftleft_BDD.automation.stepDefinations.mirkalpickupSteps.click_review()
  Then submit order                               # com.FXO_Shiftleft_BDD.automation.stepDefinations.mirkalpickupSteps.submit_order()
]]></system-out>
  </testcase>
  <testcase name="runScenario" classname="com.FXO_Shiftleft_BDD.automation.testRunner.RunTest" time="68.223"/>
  <testcase name="runScenario" classname="com.FXO_Shiftleft_BDD.automation.testRunner.RunTest" time="71.525">
    <failure message="Error {&#10;  message=&apos;Timeout 30000ms exceeded.&#10;=========================== logs ===========================&#10;  waiting for frameLocator(&quot;xpath=//iframe[@class=&apos;pC-ENQ lyePVA&apos;]&quot;).first()&#10;  locator resolved to visible &lt;iframe allowfullscreen=&quot;&quot; class=&quot;pC-ENQ lyePVA&quot; aria-la…&gt;&lt;/iframe&gt;&#10;waiting for frameLocator(&quot;xpath=//iframe[@class=&apos;pC-ENQ lyePVA&apos;]&quot;).first().locator(&quot;xpath=//input[@type=&apos;search&apos;]&quot;)&#10;============================================================&#10;  name=&apos;TimeoutError&#10;  stack=&apos;TimeoutError: Timeout 30000ms exceeded.&#10;=========================== logs ===========================&#10;  waiting for frameLocator(&quot;xpath=//iframe[@class=&apos;pC-ENQ lyePVA&apos;]&quot;).first()&#10;  locator resolved to visible &lt;iframe allowfullscreen=&quot;&quot; class=&quot;pC-ENQ lyePVA&quot; aria-la…&gt;&lt;/iframe&gt;&#10;waiting for frameLocator(&quot;xpath=//iframe[@class=&apos;pC-ENQ lyePVA&apos;]&quot;).first().locator(&quot;xpath=//input[@type=&apos;search&apos;]&quot;)&#10;============================================================&#10;    at ProgressController.run (C:\Users\4652497\AppData\Local\Temp\playwright-java-12216915118834570512\package\lib\server\progress.js:88:26)&#10;    at Frame.fill (C:\Users\4652497\AppData\Local\Temp\playwright-java-12216915118834570512\package\lib\server\frames.js:988:23)&#10;    at FrameDispatcher.fill (C:\Users\4652497\AppData\Local\Temp\playwright-java-12216915118834570512\package\lib\server\dispatchers\frameDispatcher.js:158:30)&#10;    at DispatcherConnection.dispatch (C:\Users\4652497\AppData\Local\Temp\playwright-java-12216915118834570512\package\lib\server\dispatchers\dispatcher.js:317:46)&#10;}" type="com.microsoft.playwright.TimeoutError"><![CDATA[com.microsoft.playwright.TimeoutError: 
Error {
  message='Timeout 30000ms exceeded.
=========================== logs ===========================
  waiting for frameLocator("xpath=//iframe[@class='pC-ENQ lyePVA']").first()
  locator resolved to visible <iframe allowfullscreen="" class="pC-ENQ lyePVA" aria-la…></iframe>
waiting for frameLocator("xpath=//iframe[@class='pC-ENQ lyePVA']").first().locator("xpath=//input[@type='search']")
============================================================
  name='TimeoutError
  stack='TimeoutError: Timeout 30000ms exceeded.
=========================== logs ===========================
  waiting for frameLocator("xpath=//iframe[@class='pC-ENQ lyePVA']").first()
  locator resolved to visible <iframe allowfullscreen="" class="pC-ENQ lyePVA" aria-la…></iframe>
waiting for frameLocator("xpath=//iframe[@class='pC-ENQ lyePVA']").first().locator("xpath=//input[@type='search']")
============================================================
    at ProgressController.run (C:\Users\4652497\AppData\Local\Temp\playwright-java-12216915118834570512\package\lib\server\progress.js:88:26)
    at Frame.fill (C:\Users\4652497\AppData\Local\Temp\playwright-java-12216915118834570512\package\lib\server\frames.js:988:23)
    at FrameDispatcher.fill (C:\Users\4652497\AppData\Local\Temp\playwright-java-12216915118834570512\package\lib\server\dispatchers\frameDispatcher.js:158:30)
    at DispatcherConnection.dispatch (C:\Users\4652497\AppData\Local\Temp\playwright-java-12216915118834570512\package\lib\server\dispatchers\dispatcher.js:317:46)
}
Caused by: com.microsoft.playwright.TimeoutError: 
Error {
  message='Timeout 30000ms exceeded.
=========================== logs ===========================
  waiting for frameLocator("xpath=//iframe[@class='pC-ENQ lyePVA']").first()
  locator resolved to visible <iframe allowfullscreen="" class="pC-ENQ lyePVA" aria-la…></iframe>
waiting for frameLocator("xpath=//iframe[@class='pC-ENQ lyePVA']").first().locator("xpath=//input[@type='search']")
============================================================
  name='TimeoutError
  stack='TimeoutError: Timeout 30000ms exceeded.
=========================== logs ===========================
  waiting for frameLocator("xpath=//iframe[@class='pC-ENQ lyePVA']").first()
  locator resolved to visible <iframe allowfullscreen="" class="pC-ENQ lyePVA" aria-la…></iframe>
waiting for frameLocator("xpath=//iframe[@class='pC-ENQ lyePVA']").first().locator("xpath=//input[@type='search']")
============================================================
    at ProgressController.run (C:\Users\4652497\AppData\Local\Temp\playwright-java-12216915118834570512\package\lib\server\progress.js:88:26)
    at Frame.fill (C:\Users\4652497\AppData\Local\Temp\playwright-java-12216915118834570512\package\lib\server\frames.js:988:23)
    at FrameDispatcher.fill (C:\Users\4652497\AppData\Local\Temp\playwright-java-12216915118834570512\package\lib\server\dispatchers\frameDispatcher.js:158:30)
    at DispatcherConnection.dispatch (C:\Users\4652497\AppData\Local\Temp\playwright-java-12216915118834570512\package\lib\server\dispatchers\dispatcher.js:317:46)
}
]]></failure>
    <system-out><![CDATA[
Scenario Outline: validate ThirdPartyApp products # src/test/resources/Feature/mirkalPickupFlow.feature:34
Browser Type:: chrome
Current Page Titile is :Retail Home Page
Page Url is https://staging2.office.fedex.com/
  Given launch application                        # com.FXO_Shiftleft_BDD.automation.stepDefinations.mirkalpickupSteps.launch_application()
  When click on ThirdPartyApp templates           # com.FXO_Shiftleft_BDD.automation.stepDefinations.mirkalpickupSteps.click_on_ThirdPartyApp_templates()
Product Name is :: Flyers
itemName is  Flyers
  And select ThirdPartyApp Flyers                 # com.FXO_Shiftleft_BDD.automation.stepDefinations.mirkalpickupSteps.select_ThirdPartyApp(java.lang.String)
      com.microsoft.playwright.TimeoutError: Error {
  message='Timeout 30000ms exceeded.
=========================== logs ===========================
  waiting for frameLocator("xpath=//iframe[@class='pC-ENQ lyePVA']").first()
  locator resolved to visible <iframe allowfullscreen="" class="pC-ENQ lyePVA" aria-la…></iframe>
waiting for frameLocator("xpath=//iframe[@class='pC-ENQ lyePVA']").first().locator("xpath=//input[@type='search']")
============================================================
  name='TimeoutError
  stack='TimeoutError: Timeout 30000ms exceeded.
=========================== logs ===========================
  waiting for frameLocator("xpath=//iframe[@class='pC-ENQ lyePVA']").first()
  locator resolved to visible <iframe allowfullscreen="" class="pC-ENQ lyePVA" aria-la…></iframe>
waiting for frameLocator("xpath=//iframe[@class='pC-ENQ lyePVA']").first().locator("xpath=//input[@type='search']")
============================================================
    at ProgressController.run (C:\Users\4652497\AppData\Local\Temp\playwright-java-12216915118834570512\package\lib\server\progress.js:88:26)
    at Frame.fill (C:\Users\4652497\AppData\Local\Temp\playwright-java-12216915118834570512\package\lib\server\frames.js:988:23)
    at FrameDispatcher.fill (C:\Users\4652497\AppData\Local\Temp\playwright-java-12216915118834570512\package\lib\server\dispatchers\frameDispatcher.js:158:30)
    at DispatcherConnection.dispatch (C:\Users\4652497\AppData\Local\Temp\playwright-java-12216915118834570512\package\lib\server\dispatchers\dispatcher.js:317:46)
}
	at com.microsoft.playwright.impl.WaitableResult.get(WaitableResult.java:52)
	at com.microsoft.playwright.impl.ChannelOwner.runUntil(ChannelOwner.java:111)
	at com.microsoft.playwright.impl.Connection.sendMessage(Connection.java:119)
	at com.microsoft.playwright.impl.ChannelOwner.sendMessage(ChannelOwner.java:102)
	at com.microsoft.playwright.impl.FrameImpl.fillImpl(FrameImpl.java:339)
	at com.microsoft.playwright.impl.FrameImpl.lambda$fill$15(FrameImpl.java:329)
	at com.microsoft.playwright.impl.LoggingSupport.lambda$withLogging$0(LoggingSupport.java:36)
	at com.microsoft.playwright.impl.LoggingSupport.withLogging(LoggingSupport.java:47)
	at com.microsoft.playwright.impl.ChannelOwner.withLogging(ChannelOwner.java:87)
	at com.microsoft.playwright.impl.LoggingSupport.withLogging(LoggingSupport.java:35)
	at com.microsoft.playwright.impl.FrameImpl.fill(FrameImpl.java:329)
	at com.microsoft.playwright.impl.LocatorImpl.fill(LocatorImpl.java:182)
	at com.microsoft.playwright.Locator.fill(Locator.java:2473)
	at com.FXO_Shiftleft_BDD.automation.Pages.mirkalDesignTemplatesPage.searchMirkalproducts(mirkalDesignTemplatesPage.java:47)
	at com.FXO_Shiftleft_BDD.automation.stepDefinations.mirkalpickupSteps.select_ThirdPartyApp(mirkalpickupSteps.java:61)
	at ✽.select ThirdPartyApp Flyers(file:///C:/Users/4652497/git/pod2.0-shift-left-framework/./src/test/resources/Feature/mirkalPickupFlow.feature:19)
Caused by: com.microsoft.playwright.TimeoutError: Error {
  message='Timeout 30000ms exceeded.
=========================== logs ===========================
  waiting for frameLocator("xpath=//iframe[@class='pC-ENQ lyePVA']").first()
  locator resolved to visible <iframe allowfullscreen="" class="pC-ENQ lyePVA" aria-la…></iframe>
waiting for frameLocator("xpath=//iframe[@class='pC-ENQ lyePVA']").first().locator("xpath=//input[@type='search']")
============================================================
  name='TimeoutError
  stack='TimeoutError: Timeout 30000ms exceeded.
=========================== logs ===========================
  waiting for frameLocator("xpath=//iframe[@class='pC-ENQ lyePVA']").first()
  locator resolved to visible <iframe allowfullscreen="" class="pC-ENQ lyePVA" aria-la…></iframe>
waiting for frameLocator("xpath=//iframe[@class='pC-ENQ lyePVA']").first().locator("xpath=//input[@type='search']")
============================================================
    at ProgressController.run (C:\Users\4652497\AppData\Local\Temp\playwright-java-12216915118834570512\package\lib\server\progress.js:88:26)
    at Frame.fill (C:\Users\4652497\AppData\Local\Temp\playwright-java-12216915118834570512\package\lib\server\frames.js:988:23)
    at FrameDispatcher.fill (C:\Users\4652497\AppData\Local\Temp\playwright-java-12216915118834570512\package\lib\server\dispatchers\frameDispatcher.js:158:30)
    at DispatcherConnection.dispatch (C:\Users\4652497\AppData\Local\Temp\playwright-java-12216915118834570512\package\lib\server\dispatchers\dispatcher.js:317:46)
}
	at com.microsoft.playwright.impl.Connection.dispatch(Connection.java:199)
	at com.microsoft.playwright.impl.Connection.processOneMessage(Connection.java:181)
	at com.microsoft.playwright.impl.ChannelOwner.runUntil(ChannelOwner.java:109)
	at com.microsoft.playwright.impl.Connection.sendMessage(Connection.java:119)
	at com.microsoft.playwright.impl.ChannelOwner.sendMessage(ChannelOwner.java:102)
	at com.microsoft.playwright.impl.FrameImpl.fillImpl(FrameImpl.java:339)
	at com.microsoft.playwright.impl.FrameImpl.lambda$fill$15(FrameImpl.java:329)
	at com.microsoft.playwright.impl.LoggingSupport.lambda$withLogging$0(LoggingSupport.java:36)
	at com.microsoft.playwright.impl.LoggingSupport.withLogging(LoggingSupport.java:47)
	at com.microsoft.playwright.impl.ChannelOwner.withLogging(ChannelOwner.java:87)
	at com.microsoft.playwright.impl.LoggingSupport.withLogging(LoggingSupport.java:35)
	at com.microsoft.playwright.impl.FrameImpl.fill(FrameImpl.java:329)
	at com.microsoft.playwright.impl.LocatorImpl.fill(LocatorImpl.java:182)
	at com.microsoft.playwright.Locator.fill(Locator.java:2473)
	at com.FXO_Shiftleft_BDD.automation.Pages.mirkalDesignTemplatesPage.searchMirkalproducts(mirkalDesignTemplatesPage.java:47)
	at com.FXO_Shiftleft_BDD.automation.stepDefinations.mirkalpickupSteps.select_ThirdPartyApp(mirkalpickupSteps.java:61)
	at java.base/jdk.internal.reflect.DirectMethodHandleAccessor.invoke(DirectMethodHandleAccessor.java:104)
	at java.base/java.lang.reflect.Method.invoke(Method.java:577)
	at io.cucumber.java.Invoker.doInvoke(Invoker.java:66)
	at io.cucumber.java.Invoker.invoke(Invoker.java:24)
	at io.cucumber.java.AbstractGlueDefinition.invokeMethod(AbstractGlueDefinition.java:47)
	at io.cucumber.java.JavaStepDefinition.execute(JavaStepDefinition.java:29)
	at io.cucumber.core.runner.CoreStepDefinition.execute(CoreStepDefinition.java:66)
	at io.cucumber.core.runner.PickleStepDefinitionMatch.runStep(PickleStepDefinitionMatch.java:63)
	at io.cucumber.core.runner.ExecutionMode$1.execute(ExecutionMode.java:10)
	at io.cucumber.core.runner.TestStep.executeStep(TestStep.java:85)
	at io.cucumber.core.runner.TestStep.run(TestStep.java:57)
	at io.cucumber.core.runner.PickleStepTestStep.run(PickleStepTestStep.java:51)
	at io.cucumber.core.runner.TestCase.run(TestCase.java:84)
	at io.cucumber.core.runner.Runner.runPickle(Runner.java:75)
	at io.cucumber.testng.TestNGCucumberRunner.lambda$runScenario$1(TestNGCucumberRunner.java:132)
	at io.cucumber.core.runtime.CucumberExecutionContext.lambda$runTestCase$5(CucumberExecutionContext.java:129)
	at io.cucumber.core.runtime.RethrowingThrowableCollector.executeAndThrow(RethrowingThrowableCollector.java:23)
	at io.cucumber.core.runtime.CucumberExecutionContext.runTestCase(CucumberExecutionContext.java:129)
	at io.cucumber.testng.TestNGCucumberRunner.runScenario(TestNGCucumberRunner.java:129)
	at io.cucumber.testng.AbstractTestNGCucumberTests.runScenario(AbstractTestNGCucumberTests.java:35)
	at java.base/jdk.internal.reflect.DirectMethodHandleAccessor.invoke(DirectMethodHandleAccessor.java:104)
	at java.base/java.lang.reflect.Method.invoke(Method.java:577)
	at org.testng.internal.invokers.MethodInvocationHelper.invokeMethod(MethodInvocationHelper.java:139)
	at org.testng.internal.invokers.TestInvoker.invokeMethod(TestInvoker.java:677)
	at org.testng.internal.invokers.TestInvoker.invokeTestMethod(TestInvoker.java:221)
	at org.testng.internal.invokers.MethodRunner.runInSequence(MethodRunner.java:50)
	at org.testng.internal.invokers.TestInvoker$MethodInvocationAgent.invoke(TestInvoker.java:962)
	at org.testng.internal.invokers.TestInvoker.invokeTestMethods(TestInvoker.java:194)
	at org.testng.internal.invokers.TestMethodWorker.invokeTestMethods(TestMethodWorker.java:148)
	at org.testng.internal.invokers.TestMethodWorker.run(TestMethodWorker.java:128)
	at java.base/java.util.concurrent.ThreadPoolExecutor.runWorker(ThreadPoolExecutor.java:1136)
	at java.base/java.util.concurrent.ThreadPoolExecutor$Worker.run(ThreadPoolExecutor.java:635)
	at java.base/java.lang.Thread.run(Thread.java:833)

  And upload template Flyers                      # com.FXO_Shiftleft_BDD.automation.stepDefinations.mirkalpickupSteps.upload_template(java.lang.String)
  Then click add to cart                          # com.FXO_Shiftleft_BDD.automation.stepDefinations.mirkalpickupSteps.click_add_to_cart()
  And proceed to checkout                         # com.FXO_Shiftleft_BDD.automation.stepDefinations.mirkalpickupSteps.proceed_to_checkout()
  And select pickup                               # com.FXO_Shiftleft_BDD.automation.stepDefinations.mirkalpickupSteps.select_pickup()
  Then continue to payment                        # com.FXO_Shiftleft_BDD.automation.stepDefinations.mirkalpickupSteps.continue_to_payment()
  Then select CC payment method                   # com.FXO_Shiftleft_BDD.automation.stepDefinations.mirkalpickupSteps.select_cc_payment_method()
  And click review                                # com.FXO_Shiftleft_BDD.automation.stepDefinations.mirkalpickupSteps.click_review()
  Then submit order                               # com.FXO_Shiftleft_BDD.automation.stepDefinations.mirkalpickupSteps.submit_order()
]]></system-out>
  </testcase>
  <testcase name="runScenario" classname="com.FXO_Shiftleft_BDD.automation.testRunner.RunTest" time="65.283"/>
</testsuite>