<?xml version="1.0" encoding="UTF-8"?>
<testsuite xmlns:xsi="http://www.w3.org/2001/XMLSchema-instance" xsi:noNamespaceSchemaLocation="https://maven.apache.org/surefire/maven-surefire-plugin/xsd/surefire-test-report.xsd" name="TestSuite" time="465.826" tests="6" errors="0" skipped="0" failures="4">
  <properties>
    <property name="java.specification.version" value="18"/>
    <property name="sun.cpu.isalist" value="amd64"/>
    <property name="sun.jnu.encoding" value="Cp1252"/>
    <property name="java.class.path" value="C:\Users\4652497\.m2\repository\org\apache\maven\surefire\surefire-booter\2.22.1\surefire-booter-2.22.1.jar;C:\Users\4652497\.m2\repository\org\apache\maven\surefire\surefire-api\2.22.1\surefire-api-2.22.1.jar;C:\Users\4652497\.m2\repository\org\apache\maven\surefire\surefire-logger-api\2.22.1\surefire-logger-api-2.22.1.jar;C:\Users\4652497\git\pod2.0-shift-left-framework\target\test-classes;C:\Users\4652497\git\pod2.0-shift-left-framework\target\classes;C:\Users\4652497\.m2\repository\com\microsoft\playwright\playwright\1.28.0\playwright-1.28.0.jar;C:\Users\4652497\.m2\repository\com\google\code\gson\gson\2.8.9\gson-2.8.9.jar;C:\Users\4652497\.m2\repository\org\opentest4j\opentest4j\1.2.0\opentest4j-1.2.0.jar;C:\Users\4652497\.m2\repository\com\microsoft\playwright\driver\1.28.0\driver-1.28.0.jar;C:\Users\4652497\.m2\repository\com\microsoft\playwright\driver-bundle\1.28.0\driver-bundle-1.28.0.jar;C:\Users\4652497\.m2\repository\io\qameta\allure\allure-testng\2.17.3\allure-testng-2.17.3.jar;C:\Users\4652497\.m2\repository\io\qameta\allure\allure-java-commons\2.17.3\allure-java-commons-2.17.3.jar;C:\Users\4652497\.m2\repository\io\qameta\allure\allure-model\2.17.3\allure-model-2.17.3.jar;C:\Users\4652497\.m2\repository\io\qameta\allure\allure-test-filter\2.17.3\allure-test-filter-2.17.3.jar;C:\Users\4652497\.m2\repository\io\cucumber\cucumber-core\7.5.0\cucumber-core-7.5.0.jar;C:\Users\4652497\.m2\repository\io\cucumber\cucumber-gherkin\7.5.0\cucumber-gherkin-7.5.0.jar;C:\Users\4652497\.m2\repository\io\cucumber\cucumber-gherkin-messages\7.5.0\cucumber-gherkin-messages-7.5.0.jar;C:\Users\4652497\.m2\repository\io\cucumber\messages\18.0.0\messages-18.0.0.jar;C:\Users\4652497\.m2\repository\io\cucumber\tag-expressions\4.1.0\tag-expressions-4.1.0.jar;C:\Users\4652497\.m2\repository\io\cucumber\cucumber-expressions\16.0.0\cucumber-expressions-16.0.0.jar;C:\Users\4652497\.m2\repository\io\cucumber\datatable\7.5.0\datatable-7.5.0.jar;C:\Users\4652497\.m2\repository\io\cucumber\cucumber-plugin\7.5.0\cucumber-plugin-7.5.0.jar;C:\Users\4652497\.m2\repository\io\cucumber\docstring\7.5.0\docstring-7.5.0.jar;C:\Users\4652497\.m2\repository\io\cucumber\html-formatter\19.2.0\html-formatter-19.2.0.jar;C:\Users\4652497\.m2\repository\io\cucumber\ci-environment\9.1.0\ci-environment-9.1.0.jar;C:\Users\4652497\.m2\repository\org\apiguardian\apiguardian-api\1.1.2\apiguardian-api-1.1.2.jar;C:\Users\4652497\.m2\repository\io\cucumber\cucumber-html\0.2.7\cucumber-html-0.2.7.jar;C:\Users\4652497\.m2\repository\net\sourceforge\cobertura\cobertura\2.1.1\cobertura-2.1.1.jar;C:\Users\4652497\.m2\repository\org\ow2\asm\asm\5.0.1\asm-5.0.1.jar;C:\Users\4652497\.m2\repository\org\ow2\asm\asm-tree\5.0.1\asm-tree-5.0.1.jar;C:\Users\4652497\.m2\repository\org\ow2\asm\asm-commons\5.0.1\asm-commons-5.0.1.jar;C:\Users\4652497\.m2\repository\org\ow2\asm\asm-util\5.0.1\asm-util-5.0.1.jar;C:\Users\4652497\.m2\repository\org\ow2\asm\asm-analysis\5.0.1\asm-analysis-5.0.1.jar;C:\Users\4652497\.m2\repository\oro\oro\2.0.8\oro-2.0.8.jar;C:\Users\4652497\.m2\repository\jaxen\jaxen\1.1.4\jaxen-1.1.4.jar;C:\Users\4652497\.m2\repository\org\apache\ant\ant\1.8.3\ant-1.8.3.jar;C:\Users\4652497\.m2\repository\org\apache\ant\ant-launcher\1.8.3\ant-launcher-1.8.3.jar;C:\Users\4652497\.m2\repository\org\apache\ant\ant-junit\1.8.3\ant-junit-1.8.3.jar;C:\Users\4652497\.m2\repository\org\mortbay\jetty\servlet-api-2.5\6.1.14\servlet-api-2.5-6.1.14.jar;C:\Users\4652497\.m2\repository\org\mortbay\jetty\jetty\6.1.14\jetty-6.1.14.jar;C:\Users\4652497\.m2\repository\org\mortbay\jetty\jetty-util\6.1.14\jetty-util-6.1.14.jar;C:\Users\4652497\.m2\repository\org\slf4j\slf4j-api\1.7.5\slf4j-api-1.7.5.jar;C:\Users\4652497\.m2\repository\ch\qos\logback\logback-classic\1.0.13\logback-classic-1.0.13.jar;C:\Users\4652497\.m2\repository\ch\qos\logback\logback-core\1.0.13\logback-core-1.0.13.jar;C:\Users\4652497\.m2\repository\org\apache\commons\commons-lang3\3.3.2\commons-lang3-3.3.2.jar;C:\Users\4652497\.m2\repository\io\cucumber\cucumber-java\7.5.0\cucumber-java-7.5.0.jar;C:\Users\4652497\.m2\repository\io\cucumber\cucumber-junit\7.5.0\cucumber-junit-7.5.0.jar;C:\Users\4652497\.m2\repository\io\cucumber\cucumber-jvm-deps\1.0.6\cucumber-jvm-deps-1.0.6.jar;C:\Users\4652497\.m2\repository\net\masterthought\cucumber-reporting\5.7.2\cucumber-reporting-5.7.2.jar;C:\Users\4652497\.m2\repository\com\fasterxml\jackson\core\jackson-databind\2.13.2.2\jackson-databind-2.13.2.2.jar;C:\Users\4652497\.m2\repository\com\fasterxml\jackson\core\jackson-annotations\2.13.2\jackson-annotations-2.13.2.jar;C:\Users\4652497\.m2\repository\com\fasterxml\jackson\core\jackson-core\2.13.2\jackson-core-2.13.2.jar;C:\Users\4652497\.m2\repository\com\fasterxml\jackson\datatype\jackson-datatype-jsr310\2.13.2\jackson-datatype-jsr310-2.13.2.jar;C:\Users\4652497\.m2\repository\org\apache\velocity\velocity-engine-core\2.3\velocity-engine-core-2.3.jar;C:\Users\4652497\.m2\repository\commons-collections\commons-collections\3.2.2\commons-collections-3.2.2.jar;C:\Users\4652497\.m2\repository\joda-time\joda-time\2.10.14\joda-time-2.10.14.jar;C:\Users\4652497\.m2\repository\commons-io\commons-io\2.7\commons-io-2.7.jar;C:\Users\4652497\.m2\repository\org\codehaus\plexus\plexus-utils\3.4.2\plexus-utils-3.4.2.jar;C:\Users\4652497\.m2\repository\org\jsoup\jsoup\1.15.1\jsoup-1.15.1.jar;C:\Users\4652497\.m2\repository\com\google\guava\guava\31.1-jre\guava-31.1-jre.jar;C:\Users\4652497\.m2\repository\com\google\guava\failureaccess\1.0.1\failureaccess-1.0.1.jar;C:\Users\4652497\.m2\repository\com\google\guava\listenablefuture\9999.0-empty-to-avoid-conflict-with-guava\listenablefuture-9999.0-empty-to-avoid-conflict-with-guava.jar;C:\Users\4652497\.m2\repository\org\checkerframework\checker-qual\3.12.0\checker-qual-3.12.0.jar;C:\Users\4652497\.m2\repository\com\google\errorprone\error_prone_annotations\2.11.0\error_prone_annotations-2.11.0.jar;C:\Users\4652497\.m2\repository\com\google\j2objc\j2objc-annotations\1.3\j2objc-annotations-1.3.jar;C:\Users\4652497\.m2\repository\com\googlecode\owasp-java-html-sanitizer\owasp-java-html-sanitizer\20211018.2\owasp-java-html-sanitizer-20211018.2.jar;C:\Users\4652497\.m2\repository\commons-configuration\commons-configuration\1.10\commons-configuration-1.10.jar;C:\Users\4652497\.m2\repository\commons-lang\commons-lang\2.6\commons-lang-2.6.jar;C:\Users\4652497\.m2\repository\commons-logging\commons-logging\1.1.1\commons-logging-1.1.1.jar;C:\Users\4652497\.m2\repository\org\hamcrest\hamcrest-all\1.3\hamcrest-all-1.3.jar;C:\Users\4652497\.m2\repository\io\cucumber\gherkin\23.0.0\gherkin-23.0.0.jar;C:\Users\4652497\.m2\repository\junit\junit\4.13.2\junit-4.13.2.jar;C:\Users\4652497\.m2\repository\org\hamcrest\hamcrest-core\1.3\hamcrest-core-1.3.jar;C:\Users\4652497\.m2\repository\org\seleniumhq\selenium\selenium-java\4.3.0\selenium-java-4.3.0.jar;C:\Users\4652497\.m2\repository\org\seleniumhq\selenium\selenium-api\4.3.0\selenium-api-4.3.0.jar;C:\Users\4652497\.m2\repository\org\seleniumhq\selenium\selenium-chrome-driver\4.3.0\selenium-chrome-driver-4.3.0.jar;C:\Users\4652497\.m2\repository\com\google\auto\service\auto-service-annotations\1.0.1\auto-service-annotations-1.0.1.jar;C:\Users\4652497\.m2\repository\com\google\auto\service\auto-service\1.0.1\auto-service-1.0.1.jar;C:\Users\4652497\.m2\repository\com\google\auto\auto-common\1.2\auto-common-1.2.jar;C:\Users\4652497\.m2\repository\org\seleniumhq\selenium\selenium-chromium-driver\4.3.0\selenium-chromium-driver-4.3.0.jar;C:\Users\4652497\.m2\repository\org\seleniumhq\selenium\selenium-json\4.3.0\selenium-json-4.3.0.jar;C:\Users\4652497\.m2\repository\org\seleniumhq\selenium\selenium-devtools-v101\4.3.0\selenium-devtools-v101-4.3.0.jar;C:\Users\4652497\.m2\repository\org\seleniumhq\selenium\selenium-devtools-v102\4.3.0\selenium-devtools-v102-4.3.0.jar;C:\Users\4652497\.m2\repository\org\seleniumhq\selenium\selenium-devtools-v103\4.3.0\selenium-devtools-v103-4.3.0.jar;C:\Users\4652497\.m2\repository\org\seleniumhq\selenium\selenium-devtools-v85\4.3.0\selenium-devtools-v85-4.3.0.jar;C:\Users\4652497\.m2\repository\org\seleniumhq\selenium\selenium-edge-driver\4.3.0\selenium-edge-driver-4.3.0.jar;C:\Users\4652497\.m2\repository\org\seleniumhq\selenium\selenium-firefox-driver\4.3.0\selenium-firefox-driver-4.3.0.jar;C:\Users\4652497\.m2\repository\org\seleniumhq\selenium\selenium-ie-driver\4.3.0\selenium-ie-driver-4.3.0.jar;C:\Users\4652497\.m2\repository\org\seleniumhq\selenium\selenium-opera-driver\4.3.0\selenium-opera-driver-4.3.0.jar;C:\Users\4652497\.m2\repository\org\seleniumhq\selenium\selenium-remote-driver\4.3.0\selenium-remote-driver-4.3.0.jar;C:\Users\4652497\.m2\repository\io\netty\netty-buffer\4.1.78.Final\netty-buffer-4.1.78.Final.jar;C:\Users\4652497\.m2\repository\io\netty\netty-codec-http\4.1.78.Final\netty-codec-http-4.1.78.Final.jar;C:\Users\4652497\.m2\repository\io\netty\netty-codec\4.1.78.Final\netty-codec-4.1.78.Final.jar;C:\Users\4652497\.m2\repository\io\netty\netty-handler\4.1.78.Final\netty-handler-4.1.78.Final.jar;C:\Users\4652497\.m2\repository\io\netty\netty-common\4.1.78.Final\netty-common-4.1.78.Final.jar;C:\Users\4652497\.m2\repository\io\netty\netty-transport-classes-epoll\4.1.78.Final\netty-transport-classes-epoll-4.1.78.Final.jar;C:\Users\4652497\.m2\repository\io\netty\netty-transport-classes-kqueue\4.1.78.Final\netty-transport-classes-kqueue-4.1.78.Final.jar;C:\Users\4652497\.m2\repository\io\netty\netty-transport-native-epoll\4.1.78.Final\netty-transport-native-epoll-4.1.78.Final.jar;C:\Users\4652497\.m2\repository\io\netty\netty-transport-native-kqueue\4.1.78.Final\netty-transport-native-kqueue-4.1.78.Final.jar;C:\Users\4652497\.m2\repository\io\netty\netty-transport-native-unix-common\4.1.78.Final\netty-transport-native-unix-common-4.1.78.Final.jar;C:\Users\4652497\.m2\repository\io\netty\netty-transport\4.1.78.Final\netty-transport-4.1.78.Final.jar;C:\Users\4652497\.m2\repository\io\netty\netty-resolver\4.1.78.Final\netty-resolver-4.1.78.Final.jar;C:\Users\4652497\.m2\repository\io\opentelemetry\opentelemetry-api\1.15.0\opentelemetry-api-1.15.0.jar;C:\Users\4652497\.m2\repository\io\opentelemetry\opentelemetry-context\1.15.0\opentelemetry-context-1.15.0.jar;C:\Users\4652497\.m2\repository\io\opentelemetry\opentelemetry-exporter-logging\1.15.0\opentelemetry-exporter-logging-1.15.0.jar;C:\Users\4652497\.m2\repository\io\opentelemetry\opentelemetry-sdk-metrics\1.15.0\opentelemetry-sdk-metrics-1.15.0.jar;C:\Users\4652497\.m2\repository\io\opentelemetry\opentelemetry-sdk-logs\1.15.0-alpha\opentelemetry-sdk-logs-1.15.0-alpha.jar;C:\Users\4652497\.m2\repository\io\opentelemetry\opentelemetry-sdk-common\1.15.0\opentelemetry-sdk-common-1.15.0.jar;C:\Users\4652497\.m2\repository\io\opentelemetry\opentelemetry-sdk-extension-autoconfigure-spi\1.15.0\opentelemetry-sdk-extension-autoconfigure-spi-1.15.0.jar;C:\Users\4652497\.m2\repository\io\opentelemetry\opentelemetry-sdk-extension-autoconfigure\1.15.0-alpha\opentelemetry-sdk-extension-autoconfigure-1.15.0-alpha.jar;C:\Users\4652497\.m2\repository\io\opentelemetry\opentelemetry-sdk-trace\1.15.0\opentelemetry-sdk-trace-1.15.0.jar;C:\Users\4652497\.m2\repository\io\opentelemetry\opentelemetry-sdk\1.15.0\opentelemetry-sdk-1.15.0.jar;C:\Users\4652497\.m2\repository\io\opentelemetry\opentelemetry-semconv\1.15.0-alpha\opentelemetry-semconv-1.15.0-alpha.jar;C:\Users\4652497\.m2\repository\io\ous\jtoml\2.0.0\jtoml-2.0.0.jar;C:\Users\4652497\.m2\repository\net\bytebuddy\byte-buddy\1.12.10\byte-buddy-1.12.10.jar;C:\Users\4652497\.m2\repository\org\apache\commons\commons-exec\1.3\commons-exec-1.3.jar;C:\Users\4652497\.m2\repository\org\asynchttpclient\async-http-client\2.12.3\async-http-client-2.12.3.jar;C:\Users\4652497\.m2\repository\org\asynchttpclient\async-http-client-netty-utils\2.12.3\async-http-client-netty-utils-2.12.3.jar;C:\Users\4652497\.m2\repository\io\netty\netty-codec-socks\4.1.60.Final\netty-codec-socks-4.1.60.Final.jar;C:\Users\4652497\.m2\repository\io\netty\netty-handler-proxy\4.1.60.Final\netty-handler-proxy-4.1.60.Final.jar;C:\Users\4652497\.m2\repository\io\netty\netty-transport-native-epoll\4.1.60.Final\netty-transport-native-epoll-4.1.60.Final-linux-x86_64.jar;C:\Users\4652497\.m2\repository\io\netty\netty-transport-native-kqueue\4.1.60.Final\netty-transport-native-kqueue-4.1.60.Final-osx-x86_64.jar;C:\Users\4652497\.m2\repository\org\reactivestreams\reactive-streams\1.0.3\reactive-streams-1.0.3.jar;C:\Users\4652497\.m2\repository\com\typesafe\netty\netty-reactive-streams\2.0.4\netty-reactive-streams-2.0.4.jar;C:\Users\4652497\.m2\repository\com\sun\activation\jakarta.activation\1.2.2\jakarta.activation-1.2.2.jar;C:\Users\4652497\.m2\repository\org\seleniumhq\selenium\selenium-http\4.3.0\selenium-http-4.3.0.jar;C:\Users\4652497\.m2\repository\dev\failsafe\failsafe\3.2.4\failsafe-3.2.4.jar;C:\Users\4652497\.m2\repository\org\seleniumhq\selenium\selenium-safari-driver\4.3.0\selenium-safari-driver-4.3.0.jar;C:\Users\4652497\.m2\repository\org\seleniumhq\selenium\selenium-support\4.3.0\selenium-support-4.3.0.jar;C:\Users\4652497\.m2\repository\io\github\bonigarcia\webdrivermanager\5.0.3\webdrivermanager-5.0.3.jar;C:\Users\4652497\.m2\repository\com\github\docker-java\docker-java\3.2.12\docker-java-3.2.12.jar;C:\Users\4652497\.m2\repository\com\github\docker-java\docker-java-core\3.2.12\docker-java-core-3.2.12.jar;C:\Users\4652497\.m2\repository\com\github\docker-java\docker-java-api\3.2.12\docker-java-api-3.2.12.jar;C:\Users\4652497\.m2\repository\org\apache\commons\commons-compress\1.21\commons-compress-1.21.jar;C:\Users\4652497\.m2\repository\org\bouncycastle\bcpkix-jdk15on\1.64\bcpkix-jdk15on-1.64.jar;C:\Users\4652497\.m2\repository\org\bouncycastle\bcprov-jdk15on\1.64\bcprov-jdk15on-1.64.jar;C:\Users\4652497\.m2\repository\org\slf4j\jcl-over-slf4j\1.7.30\jcl-over-slf4j-1.7.30.jar;C:\Users\4652497\.m2\repository\com\github\docker-java\docker-java-transport-httpclient5\3.2.12\docker-java-transport-httpclient5-3.2.12.jar;C:\Users\4652497\.m2\repository\com\github\docker-java\docker-java-transport\3.2.12\docker-java-transport-3.2.12.jar;C:\Users\4652497\.m2\repository\org\apache\httpcomponents\client5\httpclient5\5.0.3\httpclient5-5.0.3.jar;C:\Users\4652497\.m2\repository\org\apache\httpcomponents\core5\httpcore5\5.0.2\httpcore5-5.0.2.jar;C:\Users\4652497\.m2\repository\commons-codec\commons-codec\1.13\commons-codec-1.13.jar;C:\Users\4652497\.m2\repository\net\java\dev\jna\jna\5.8.0\jna-5.8.0.jar;C:\Users\4652497\.m2\repository\org\brotli\dec\0.1.2\dec-0.1.2.jar;C:\Program Files\Java\jdk-18.0.1.1\lib\tools.jar;C:\Users\4652497\.m2\repository\org\testng\testng\7.6.1\testng-7.6.1.jar;C:\Users\4652497\.m2\repository\com\google\code\findbugs\jsr305\3.0.2\jsr305-3.0.2.jar;C:\Users\4652497\.m2\repository\com\beust\jcommander\1.82\jcommander-1.82.jar;C:\Users\4652497\.m2\repository\org\webjars\jquery\3.6.0\jquery-3.6.0.jar;C:\Users\4652497\.m2\repository\io\cucumber\cucumber-testng\7.9.0\cucumber-testng-7.9.0.jar;C:\Users\4652497\.m2\repository\org\apache\maven\surefire\surefire-testng\2.22.1\surefire-testng-2.22.1.jar;C:\Users\4652497\.m2\repository\org\apache\maven\surefire\common-java5\2.22.1\common-java5-2.22.1.jar;C:\Users\4652497\.m2\repository\org\apache\maven\surefire\surefire-testng-utils\2.22.1\surefire-testng-utils-2.22.1.jar;C:\Users\4652497\.m2\repository\org\apache\maven\surefire\surefire-grouper\2.22.1\surefire-grouper-2.22.1.jar"/>
    <property name="java.vm.vendor" value="Oracle Corporation"/>
    <property name="sun.arch.data.model" value="64"/>
    <property name="user.variant" value=""/>
    <property name="java.vendor.url" value="https://java.oracle.com/"/>
    <property name="user.timezone" value="America/Chicago"/>
    <property name="os.name" value="Windows 11"/>
    <property name="java.vm.specification.version" value="18"/>
    <property name="sun.java.launcher" value="SUN_STANDARD"/>
    <property name="user.country" value="US"/>
    <property name="sun.boot.library.path" value="C:\Program Files\Java\jdk-18.0.1.1\bin"/>
    <property name="sun.java.command" value="org.apache.maven.surefire.booter.ForkedBooter C:\Users\4652497\AppData\Local\Temp\surefire1138075397329542128 2022-12-20T14-36-06_559-jvmRun1 surefire15091287761122208342tmp surefire_013220901992888961433tmp"/>
    <property name="jdk.debug" value="release"/>
    <property name="surefire.test.class.path" value="C:\Users\4652497\git\pod2.0-shift-left-framework\target\test-classes;C:\Users\4652497\git\pod2.0-shift-left-framework\target\classes;C:\Users\4652497\.m2\repository\com\microsoft\playwright\playwright\1.28.0\playwright-1.28.0.jar;C:\Users\4652497\.m2\repository\com\google\code\gson\gson\2.8.9\gson-2.8.9.jar;C:\Users\4652497\.m2\repository\org\opentest4j\opentest4j\1.2.0\opentest4j-1.2.0.jar;C:\Users\4652497\.m2\repository\com\microsoft\playwright\driver\1.28.0\driver-1.28.0.jar;C:\Users\4652497\.m2\repository\com\microsoft\playwright\driver-bundle\1.28.0\driver-bundle-1.28.0.jar;C:\Users\4652497\.m2\repository\io\qameta\allure\allure-testng\2.17.3\allure-testng-2.17.3.jar;C:\Users\4652497\.m2\repository\io\qameta\allure\allure-java-commons\2.17.3\allure-java-commons-2.17.3.jar;C:\Users\4652497\.m2\repository\io\qameta\allure\allure-model\2.17.3\allure-model-2.17.3.jar;C:\Users\4652497\.m2\repository\io\qameta\allure\allure-test-filter\2.17.3\allure-test-filter-2.17.3.jar;C:\Users\4652497\.m2\repository\io\cucumber\cucumber-core\7.5.0\cucumber-core-7.5.0.jar;C:\Users\4652497\.m2\repository\io\cucumber\cucumber-gherkin\7.5.0\cucumber-gherkin-7.5.0.jar;C:\Users\4652497\.m2\repository\io\cucumber\cucumber-gherkin-messages\7.5.0\cucumber-gherkin-messages-7.5.0.jar;C:\Users\4652497\.m2\repository\io\cucumber\messages\18.0.0\messages-18.0.0.jar;C:\Users\4652497\.m2\repository\io\cucumber\tag-expressions\4.1.0\tag-expressions-4.1.0.jar;C:\Users\4652497\.m2\repository\io\cucumber\cucumber-expressions\16.0.0\cucumber-expressions-16.0.0.jar;C:\Users\4652497\.m2\repository\io\cucumber\datatable\7.5.0\datatable-7.5.0.jar;C:\Users\4652497\.m2\repository\io\cucumber\cucumber-plugin\7.5.0\cucumber-plugin-7.5.0.jar;C:\Users\4652497\.m2\repository\io\cucumber\docstring\7.5.0\docstring-7.5.0.jar;C:\Users\4652497\.m2\repository\io\cucumber\html-formatter\19.2.0\html-formatter-19.2.0.jar;C:\Users\4652497\.m2\repository\io\cucumber\ci-environment\9.1.0\ci-environment-9.1.0.jar;C:\Users\4652497\.m2\repository\org\apiguardian\apiguardian-api\1.1.2\apiguardian-api-1.1.2.jar;C:\Users\4652497\.m2\repository\io\cucumber\cucumber-html\0.2.7\cucumber-html-0.2.7.jar;C:\Users\4652497\.m2\repository\net\sourceforge\cobertura\cobertura\2.1.1\cobertura-2.1.1.jar;C:\Users\4652497\.m2\repository\org\ow2\asm\asm\5.0.1\asm-5.0.1.jar;C:\Users\4652497\.m2\repository\org\ow2\asm\asm-tree\5.0.1\asm-tree-5.0.1.jar;C:\Users\4652497\.m2\repository\org\ow2\asm\asm-commons\5.0.1\asm-commons-5.0.1.jar;C:\Users\4652497\.m2\repository\org\ow2\asm\asm-util\5.0.1\asm-util-5.0.1.jar;C:\Users\4652497\.m2\repository\org\ow2\asm\asm-analysis\5.0.1\asm-analysis-5.0.1.jar;C:\Users\4652497\.m2\repository\oro\oro\2.0.8\oro-2.0.8.jar;C:\Users\4652497\.m2\repository\jaxen\jaxen\1.1.4\jaxen-1.1.4.jar;C:\Users\4652497\.m2\repository\org\apache\ant\ant\1.8.3\ant-1.8.3.jar;C:\Users\4652497\.m2\repository\org\apache\ant\ant-launcher\1.8.3\ant-launcher-1.8.3.jar;C:\Users\4652497\.m2\repository\org\apache\ant\ant-junit\1.8.3\ant-junit-1.8.3.jar;C:\Users\4652497\.m2\repository\org\mortbay\jetty\servlet-api-2.5\6.1.14\servlet-api-2.5-6.1.14.jar;C:\Users\4652497\.m2\repository\org\mortbay\jetty\jetty\6.1.14\jetty-6.1.14.jar;C:\Users\4652497\.m2\repository\org\mortbay\jetty\jetty-util\6.1.14\jetty-util-6.1.14.jar;C:\Users\4652497\.m2\repository\org\slf4j\slf4j-api\1.7.5\slf4j-api-1.7.5.jar;C:\Users\4652497\.m2\repository\ch\qos\logback\logback-classic\1.0.13\logback-classic-1.0.13.jar;C:\Users\4652497\.m2\repository\ch\qos\logback\logback-core\1.0.13\logback-core-1.0.13.jar;C:\Users\4652497\.m2\repository\org\apache\commons\commons-lang3\3.3.2\commons-lang3-3.3.2.jar;C:\Users\4652497\.m2\repository\io\cucumber\cucumber-java\7.5.0\cucumber-java-7.5.0.jar;C:\Users\4652497\.m2\repository\io\cucumber\cucumber-junit\7.5.0\cucumber-junit-7.5.0.jar;C:\Users\4652497\.m2\repository\io\cucumber\cucumber-jvm-deps\1.0.6\cucumber-jvm-deps-1.0.6.jar;C:\Users\4652497\.m2\repository\net\masterthought\cucumber-reporting\5.7.2\cucumber-reporting-5.7.2.jar;C:\Users\4652497\.m2\repository\com\fasterxml\jackson\core\jackson-databind\2.13.2.2\jackson-databind-2.13.2.2.jar;C:\Users\4652497\.m2\repository\com\fasterxml\jackson\core\jackson-annotations\2.13.2\jackson-annotations-2.13.2.jar;C:\Users\4652497\.m2\repository\com\fasterxml\jackson\core\jackson-core\2.13.2\jackson-core-2.13.2.jar;C:\Users\4652497\.m2\repository\com\fasterxml\jackson\datatype\jackson-datatype-jsr310\2.13.2\jackson-datatype-jsr310-2.13.2.jar;C:\Users\4652497\.m2\repository\org\apache\velocity\velocity-engine-core\2.3\velocity-engine-core-2.3.jar;C:\Users\4652497\.m2\repository\commons-collections\commons-collections\3.2.2\commons-collections-3.2.2.jar;C:\Users\4652497\.m2\repository\joda-time\joda-time\2.10.14\joda-time-2.10.14.jar;C:\Users\4652497\.m2\repository\commons-io\commons-io\2.7\commons-io-2.7.jar;C:\Users\4652497\.m2\repository\org\codehaus\plexus\plexus-utils\3.4.2\plexus-utils-3.4.2.jar;C:\Users\4652497\.m2\repository\org\jsoup\jsoup\1.15.1\jsoup-1.15.1.jar;C:\Users\4652497\.m2\repository\com\google\guava\guava\31.1-jre\guava-31.1-jre.jar;C:\Users\4652497\.m2\repository\com\google\guava\failureaccess\1.0.1\failureaccess-1.0.1.jar;C:\Users\4652497\.m2\repository\com\google\guava\listenablefuture\9999.0-empty-to-avoid-conflict-with-guava\listenablefuture-9999.0-empty-to-avoid-conflict-with-guava.jar;C:\Users\4652497\.m2\repository\org\checkerframework\checker-qual\3.12.0\checker-qual-3.12.0.jar;C:\Users\4652497\.m2\repository\com\google\errorprone\error_prone_annotations\2.11.0\error_prone_annotations-2.11.0.jar;C:\Users\4652497\.m2\repository\com\google\j2objc\j2objc-annotations\1.3\j2objc-annotations-1.3.jar;C:\Users\4652497\.m2\repository\com\googlecode\owasp-java-html-sanitizer\owasp-java-html-sanitizer\20211018.2\owasp-java-html-sanitizer-20211018.2.jar;C:\Users\4652497\.m2\repository\commons-configuration\commons-configuration\1.10\commons-configuration-1.10.jar;C:\Users\4652497\.m2\repository\commons-lang\commons-lang\2.6\commons-lang-2.6.jar;C:\Users\4652497\.m2\repository\commons-logging\commons-logging\1.1.1\commons-logging-1.1.1.jar;C:\Users\4652497\.m2\repository\org\hamcrest\hamcrest-all\1.3\hamcrest-all-1.3.jar;C:\Users\4652497\.m2\repository\io\cucumber\gherkin\23.0.0\gherkin-23.0.0.jar;C:\Users\4652497\.m2\repository\junit\junit\4.13.2\junit-4.13.2.jar;C:\Users\4652497\.m2\repository\org\hamcrest\hamcrest-core\1.3\hamcrest-core-1.3.jar;C:\Users\4652497\.m2\repository\org\seleniumhq\selenium\selenium-java\4.3.0\selenium-java-4.3.0.jar;C:\Users\4652497\.m2\repository\org\seleniumhq\selenium\selenium-api\4.3.0\selenium-api-4.3.0.jar;C:\Users\4652497\.m2\repository\org\seleniumhq\selenium\selenium-chrome-driver\4.3.0\selenium-chrome-driver-4.3.0.jar;C:\Users\4652497\.m2\repository\com\google\auto\service\auto-service-annotations\1.0.1\auto-service-annotations-1.0.1.jar;C:\Users\4652497\.m2\repository\com\google\auto\service\auto-service\1.0.1\auto-service-1.0.1.jar;C:\Users\4652497\.m2\repository\com\google\auto\auto-common\1.2\auto-common-1.2.jar;C:\Users\4652497\.m2\repository\org\seleniumhq\selenium\selenium-chromium-driver\4.3.0\selenium-chromium-driver-4.3.0.jar;C:\Users\4652497\.m2\repository\org\seleniumhq\selenium\selenium-json\4.3.0\selenium-json-4.3.0.jar;C:\Users\4652497\.m2\repository\org\seleniumhq\selenium\selenium-devtools-v101\4.3.0\selenium-devtools-v101-4.3.0.jar;C:\Users\4652497\.m2\repository\org\seleniumhq\selenium\selenium-devtools-v102\4.3.0\selenium-devtools-v102-4.3.0.jar;C:\Users\4652497\.m2\repository\org\seleniumhq\selenium\selenium-devtools-v103\4.3.0\selenium-devtools-v103-4.3.0.jar;C:\Users\4652497\.m2\repository\org\seleniumhq\selenium\selenium-devtools-v85\4.3.0\selenium-devtools-v85-4.3.0.jar;C:\Users\4652497\.m2\repository\org\seleniumhq\selenium\selenium-edge-driver\4.3.0\selenium-edge-driver-4.3.0.jar;C:\Users\4652497\.m2\repository\org\seleniumhq\selenium\selenium-firefox-driver\4.3.0\selenium-firefox-driver-4.3.0.jar;C:\Users\4652497\.m2\repository\org\seleniumhq\selenium\selenium-ie-driver\4.3.0\selenium-ie-driver-4.3.0.jar;C:\Users\4652497\.m2\repository\org\seleniumhq\selenium\selenium-opera-driver\4.3.0\selenium-opera-driver-4.3.0.jar;C:\Users\4652497\.m2\repository\org\seleniumhq\selenium\selenium-remote-driver\4.3.0\selenium-remote-driver-4.3.0.jar;C:\Users\4652497\.m2\repository\io\netty\netty-buffer\4.1.78.Final\netty-buffer-4.1.78.Final.jar;C:\Users\4652497\.m2\repository\io\netty\netty-codec-http\4.1.78.Final\netty-codec-http-4.1.78.Final.jar;C:\Users\4652497\.m2\repository\io\netty\netty-codec\4.1.78.Final\netty-codec-4.1.78.Final.jar;C:\Users\4652497\.m2\repository\io\netty\netty-handler\4.1.78.Final\netty-handler-4.1.78.Final.jar;C:\Users\4652497\.m2\repository\io\netty\netty-common\4.1.78.Final\netty-common-4.1.78.Final.jar;C:\Users\4652497\.m2\repository\io\netty\netty-transport-classes-epoll\4.1.78.Final\netty-transport-classes-epoll-4.1.78.Final.jar;C:\Users\4652497\.m2\repository\io\netty\netty-transport-classes-kqueue\4.1.78.Final\netty-transport-classes-kqueue-4.1.78.Final.jar;C:\Users\4652497\.m2\repository\io\netty\netty-transport-native-epoll\4.1.78.Final\netty-transport-native-epoll-4.1.78.Final.jar;C:\Users\4652497\.m2\repository\io\netty\netty-transport-native-kqueue\4.1.78.Final\netty-transport-native-kqueue-4.1.78.Final.jar;C:\Users\4652497\.m2\repository\io\netty\netty-transport-native-unix-common\4.1.78.Final\netty-transport-native-unix-common-4.1.78.Final.jar;C:\Users\4652497\.m2\repository\io\netty\netty-transport\4.1.78.Final\netty-transport-4.1.78.Final.jar;C:\Users\4652497\.m2\repository\io\netty\netty-resolver\4.1.78.Final\netty-resolver-4.1.78.Final.jar;C:\Users\4652497\.m2\repository\io\opentelemetry\opentelemetry-api\1.15.0\opentelemetry-api-1.15.0.jar;C:\Users\4652497\.m2\repository\io\opentelemetry\opentelemetry-context\1.15.0\opentelemetry-context-1.15.0.jar;C:\Users\4652497\.m2\repository\io\opentelemetry\opentelemetry-exporter-logging\1.15.0\opentelemetry-exporter-logging-1.15.0.jar;C:\Users\4652497\.m2\repository\io\opentelemetry\opentelemetry-sdk-metrics\1.15.0\opentelemetry-sdk-metrics-1.15.0.jar;C:\Users\4652497\.m2\repository\io\opentelemetry\opentelemetry-sdk-logs\1.15.0-alpha\opentelemetry-sdk-logs-1.15.0-alpha.jar;C:\Users\4652497\.m2\repository\io\opentelemetry\opentelemetry-sdk-common\1.15.0\opentelemetry-sdk-common-1.15.0.jar;C:\Users\4652497\.m2\repository\io\opentelemetry\opentelemetry-sdk-extension-autoconfigure-spi\1.15.0\opentelemetry-sdk-extension-autoconfigure-spi-1.15.0.jar;C:\Users\4652497\.m2\repository\io\opentelemetry\opentelemetry-sdk-extension-autoconfigure\1.15.0-alpha\opentelemetry-sdk-extension-autoconfigure-1.15.0-alpha.jar;C:\Users\4652497\.m2\repository\io\opentelemetry\opentelemetry-sdk-trace\1.15.0\opentelemetry-sdk-trace-1.15.0.jar;C:\Users\4652497\.m2\repository\io\opentelemetry\opentelemetry-sdk\1.15.0\opentelemetry-sdk-1.15.0.jar;C:\Users\4652497\.m2\repository\io\opentelemetry\opentelemetry-semconv\1.15.0-alpha\opentelemetry-semconv-1.15.0-alpha.jar;C:\Users\4652497\.m2\repository\io\ous\jtoml\2.0.0\jtoml-2.0.0.jar;C:\Users\4652497\.m2\repository\net\bytebuddy\byte-buddy\1.12.10\byte-buddy-1.12.10.jar;C:\Users\4652497\.m2\repository\org\apache\commons\commons-exec\1.3\commons-exec-1.3.jar;C:\Users\4652497\.m2\repository\org\asynchttpclient\async-http-client\2.12.3\async-http-client-2.12.3.jar;C:\Users\4652497\.m2\repository\org\asynchttpclient\async-http-client-netty-utils\2.12.3\async-http-client-netty-utils-2.12.3.jar;C:\Users\4652497\.m2\repository\io\netty\netty-codec-socks\4.1.60.Final\netty-codec-socks-4.1.60.Final.jar;C:\Users\4652497\.m2\repository\io\netty\netty-handler-proxy\4.1.60.Final\netty-handler-proxy-4.1.60.Final.jar;C:\Users\4652497\.m2\repository\io\netty\netty-transport-native-epoll\4.1.60.Final\netty-transport-native-epoll-4.1.60.Final-linux-x86_64.jar;C:\Users\4652497\.m2\repository\io\netty\netty-transport-native-kqueue\4.1.60.Final\netty-transport-native-kqueue-4.1.60.Final-osx-x86_64.jar;C:\Users\4652497\.m2\repository\org\reactivestreams\reactive-streams\1.0.3\reactive-streams-1.0.3.jar;C:\Users\4652497\.m2\repository\com\typesafe\netty\netty-reactive-streams\2.0.4\netty-reactive-streams-2.0.4.jar;C:\Users\4652497\.m2\repository\com\sun\activation\jakarta.activation\1.2.2\jakarta.activation-1.2.2.jar;C:\Users\4652497\.m2\repository\org\seleniumhq\selenium\selenium-http\4.3.0\selenium-http-4.3.0.jar;C:\Users\4652497\.m2\repository\dev\failsafe\failsafe\3.2.4\failsafe-3.2.4.jar;C:\Users\4652497\.m2\repository\org\seleniumhq\selenium\selenium-safari-driver\4.3.0\selenium-safari-driver-4.3.0.jar;C:\Users\4652497\.m2\repository\org\seleniumhq\selenium\selenium-support\4.3.0\selenium-support-4.3.0.jar;C:\Users\4652497\.m2\repository\io\github\bonigarcia\webdrivermanager\5.0.3\webdrivermanager-5.0.3.jar;C:\Users\4652497\.m2\repository\com\github\docker-java\docker-java\3.2.12\docker-java-3.2.12.jar;C:\Users\4652497\.m2\repository\com\github\docker-java\docker-java-core\3.2.12\docker-java-core-3.2.12.jar;C:\Users\4652497\.m2\repository\com\github\docker-java\docker-java-api\3.2.12\docker-java-api-3.2.12.jar;C:\Users\4652497\.m2\repository\org\apache\commons\commons-compress\1.21\commons-compress-1.21.jar;C:\Users\4652497\.m2\repository\org\bouncycastle\bcpkix-jdk15on\1.64\bcpkix-jdk15on-1.64.jar;C:\Users\4652497\.m2\repository\org\bouncycastle\bcprov-jdk15on\1.64\bcprov-jdk15on-1.64.jar;C:\Users\4652497\.m2\repository\org\slf4j\jcl-over-slf4j\1.7.30\jcl-over-slf4j-1.7.30.jar;C:\Users\4652497\.m2\repository\com\github\docker-java\docker-java-transport-httpclient5\3.2.12\docker-java-transport-httpclient5-3.2.12.jar;C:\Users\4652497\.m2\repository\com\github\docker-java\docker-java-transport\3.2.12\docker-java-transport-3.2.12.jar;C:\Users\4652497\.m2\repository\org\apache\httpcomponents\client5\httpclient5\5.0.3\httpclient5-5.0.3.jar;C:\Users\4652497\.m2\repository\org\apache\httpcomponents\core5\httpcore5\5.0.2\httpcore5-5.0.2.jar;C:\Users\4652497\.m2\repository\commons-codec\commons-codec\1.13\commons-codec-1.13.jar;C:\Users\4652497\.m2\repository\net\java\dev\jna\jna\5.8.0\jna-5.8.0.jar;C:\Users\4652497\.m2\repository\org\brotli\dec\0.1.2\dec-0.1.2.jar;C:\Program Files\Java\jdk-18.0.1.1\lib\tools.jar;C:\Users\4652497\.m2\repository\org\testng\testng\7.6.1\testng-7.6.1.jar;C:\Users\4652497\.m2\repository\com\google\code\findbugs\jsr305\3.0.2\jsr305-3.0.2.jar;C:\Users\4652497\.m2\repository\com\beust\jcommander\1.82\jcommander-1.82.jar;C:\Users\4652497\.m2\repository\org\webjars\jquery\3.6.0\jquery-3.6.0.jar;C:\Users\4652497\.m2\repository\io\cucumber\cucumber-testng\7.9.0\cucumber-testng-7.9.0.jar;"/>
    <property name="sun.cpu.endian" value="little"/>
    <property name="user.home" value="C:\Users\4652497"/>
    <property name="user.language" value="en"/>
    <property name="java.specification.vendor" value="Oracle Corporation"/>
    <property name="java.version.date" value="2022-04-22"/>
    <property name="java.home" value="C:\Program Files\Java\jdk-18.0.1.1"/>
    <property name="file.separator" value="\"/>
    <property name="basedir" value="C:\Users\4652497\git\pod2.0-shift-left-framework"/>
    <property name="java.vm.compressedOopsMode" value="32-bit"/>
    <property name="line.separator" value="&#10;"/>
    <property name="java.vm.specification.vendor" value="Oracle Corporation"/>
    <property name="java.specification.name" value="Java Platform API Specification"/>
    <property name="user.script" value=""/>
    <property name="sun.management.compiler" value="HotSpot 64-Bit Tiered Compilers"/>
    <property name="java.runtime.version" value="18.0.1.1+2-6"/>
    <property name="user.name" value="4652497"/>
    <property name="path.separator" value=";"/>
    <property name="os.version" value="10.0"/>
    <property name="java.runtime.name" value="Java(TM) SE Runtime Environment"/>
    <property name="file.encoding" value="UTF-8"/>
    <property name="java.vm.name" value="Java HotSpot(TM) 64-Bit Server VM"/>
    <property name="localRepository" value="C:\Users\4652497\.m2\repository"/>
    <property name="java.vendor.url.bug" value="https://bugreport.java.com/bugreport/"/>
    <property name="java.io.tmpdir" value="C:\Users\4652497\AppData\Local\Temp\"/>
    <property name="java.version" value="18.0.1.1"/>
    <property name="user.dir" value="C:\Users\4652497\git\pod2.0-shift-left-framework"/>
    <property name="os.arch" value="amd64"/>
    <property name="java.vm.specification.name" value="Java Virtual Machine Specification"/>
    <property name="sun.os.patch.level" value=""/>
    <property name="native.encoding" value="Cp1252"/>
    <property name="java.library.path" value="C:\Program Files\Java\jdk-18.0.1.1\bin;C:\windows\Sun\Java\bin;C:\windows\system32;C:\windows;C:\Program Files\Micro Focus\NV\lib\shunra\vcat;C:\Program Files\Common Files\Oracle\Java\javapath;C:\windows\system32;C:\windows;C:\windows\System32\Wbem;C:\windows\System32\WindowsPowerShell\v1.0\;C:\windows\System32\OpenSSH\;C:\Users\Administrator\AppData\Local\Microsoft\WindowsApps;C:\PROGRA~2\IBM\CMFORI~1;C:\PROGRA~2\IBM\CMFORI~1\DLL;C:\Program Files (x86)\Adaptiva\AdaptivaClient\bin\x32;C:\Program Files (x86)\Adaptiva\AdaptivaClient\bin\x64;C:\Program Files\Java\jdk-18.0.1.1\bin;C:\apache-maven-3.8.6\bin;C:\Users\4652497\AppData\Local\Microsoft\WindowsApps;C:\Users\4652497\AppData\Local\Programs\Git\cmd;."/>
    <property name="java.vm.info" value="mixed mode, sharing"/>
    <property name="java.vendor" value="Oracle Corporation"/>
    <property name="java.vm.version" value="18.0.1.1+2-6"/>
    <property name="sun.io.unicode.encoding" value="UnicodeLittle"/>
    <property name="java.class.version" value="62.0"/>
  </properties>
  <testcase name="runScenario" classname="com.FXO_Shiftleft_BDD.automation.testRunner.RunTest" time="111.007">
    <failure message="Error {&#10;  message=&apos;Timeout 30000ms exceeded.&#10;=========================== logs ===========================&#10;  waiting for frameLocator(&quot;xpath=//iframe[@id=&apos;fedex_iframe&apos;]&quot;).first()&#10;============================================================&#10;  name=&apos;TimeoutError&#10;  stack=&apos;TimeoutError: Timeout 30000ms exceeded.&#10;=========================== logs ===========================&#10;  waiting for frameLocator(&quot;xpath=//iframe[@id=&apos;fedex_iframe&apos;]&quot;).first()&#10;============================================================&#10;    at ProgressController.run (C:\Users\4652497\AppData\Local\Temp\playwright-java-12216915118834570512\package\lib\server\progress.js:88:26)&#10;    at Frame.setInputFiles (C:\Users\4652497\AppData\Local\Temp\playwright-java-12216915118834570512\package\lib\server\frames.js:1111:23)&#10;    at FrameDispatcher.setInputFiles (C:\Users\4652497\AppData\Local\Temp\playwright-java-12216915118834570512\package\lib\server\dispatchers\frameDispatcher.js:234:30)&#10;    at DispatcherConnection.dispatch (C:\Users\4652497\AppData\Local\Temp\playwright-java-12216915118834570512\package\lib\server\dispatchers\dispatcher.js:317:46)&#10;}" type="com.microsoft.playwright.TimeoutError">com.microsoft.playwright.TimeoutError: 
Error {
  message='Timeout 30000ms exceeded.
=========================== logs ===========================
  waiting for frameLocator("xpath=//iframe[@id='fedex_iframe']").first()
============================================================
  name='TimeoutError
  stack='TimeoutError: Timeout 30000ms exceeded.
=========================== logs ===========================
  waiting for frameLocator("xpath=//iframe[@id='fedex_iframe']").first()
============================================================
    at ProgressController.run (C:\Users\4652497\AppData\Local\Temp\playwright-java-12216915118834570512\package\lib\server\progress.js:88:26)
    at Frame.setInputFiles (C:\Users\4652497\AppData\Local\Temp\playwright-java-12216915118834570512\package\lib\server\frames.js:1111:23)
    at FrameDispatcher.setInputFiles (C:\Users\4652497\AppData\Local\Temp\playwright-java-12216915118834570512\package\lib\server\dispatchers\frameDispatcher.js:234:30)
    at DispatcherConnection.dispatch (C:\Users\4652497\AppData\Local\Temp\playwright-java-12216915118834570512\package\lib\server\dispatchers\dispatcher.js:317:46)
}
Caused by: com.microsoft.playwright.TimeoutError: 
Error {
  message='Timeout 30000ms exceeded.
=========================== logs ===========================
  waiting for frameLocator("xpath=//iframe[@id='fedex_iframe']").first()
============================================================
  name='TimeoutError
  stack='TimeoutError: Timeout 30000ms exceeded.
=========================== logs ===========================
  waiting for frameLocator("xpath=//iframe[@id='fedex_iframe']").first()
============================================================
    at ProgressController.run (C:\Users\4652497\AppData\Local\Temp\playwright-java-12216915118834570512\package\lib\server\progress.js:88:26)
    at Frame.setInputFiles (C:\Users\4652497\AppData\Local\Temp\playwright-java-12216915118834570512\package\lib\server\frames.js:1111:23)
    at FrameDispatcher.setInputFiles (C:\Users\4652497\AppData\Local\Temp\playwright-java-12216915118834570512\package\lib\server\dispatchers\frameDispatcher.js:234:30)
    at DispatcherConnection.dispatch (C:\Users\4652497\AppData\Local\Temp\playwright-java-12216915118834570512\package\lib\server\dispatchers\dispatcher.js:317:46)
}
</failure>
    <system-out><![CDATA[[DEBUG] suiteXmlPath: "C:\Users\4652497\git\pod2.0-shift-left-framework\testNG.xml"
[INFO] [Utils] MethodGroupsHelper.collectMethodsByGroup() took 1 ms.
[INFO] [Utils] MethodGroupsHelper.sortMethods() took 2 ms.
[INFO] [Utils] MethodGroupsHelper.collectMethodsByGroup() took 0 ms.
[INFO] [Utils] MethodGroupsHelper.sortMethods() took 0 ms.
[INFO] [Utils] MethodGroupsHelper.collectMethodsByGroup() took 0 ms.
[INFO] [Utils] MethodGroupsHelper.sortMethods() took 0 ms.
[INFO] [Utils] MethodGroupsHelper.collectMethodsByGroup() took 0 ms.
[INFO] [Utils] MethodGroupsHelper.sortMethods() took 0 ms.
[INFO] [Utils] MethodGroupsHelper.collectMethodsByGroup() took 0 ms.
[DEBUG] [Graph] ADDING NODE AbstractTestNGCucumberTests.setUpClass(org.testng.ITestContext)[pri:0, instance:null] -393284817
[DEBUG] [Graph] ================ SORTING
[DEBUG] [Graph] =============== DONE SORTING
[DEBUG] [Graph] ====== SORTED NODES
[DEBUG] [Graph] ====== END SORTED NODES
[INFO] [Utils] MethodGroupsHelper.sortMethods() took 14 ms.
[INFO] [Utils] MethodGroupsHelper.collectMethodsByGroup() took 0 ms.
[DEBUG] [Graph] ADDING NODE AbstractTestNGCucumberTests.tearDownClass()[pri:0, instance:null] 1523153566
[DEBUG] [Graph] ================ SORTING
[DEBUG] [Graph] =============== DONE SORTING
[DEBUG] [Graph] ====== SORTED NODES
[DEBUG] [Graph] ====== END SORTED NODES
[INFO] [Utils] MethodGroupsHelper.sortMethods() took 1 ms.
[INFO] [Utils] MethodGroupsHelper.collectMethodsByGroup() took 0 ms.
[INFO] [Utils] MethodGroupsHelper.sortMethods() took 0 ms.
[INFO] [Utils] MethodGroupsHelper.collectMethodsByGroup() took 0 ms.
[INFO] [Utils] MethodGroupsHelper.sortMethods() took 0 ms.
[INFO] [Utils] MethodGroupsHelper.collectMethodsByGroup() took 0 ms.
[INFO] [Utils] MethodGroupsHelper.sortMethods() took 0 ms.
[INFO] [Utils] MethodGroupsHelper.collectMethodsByGroup() took 0 ms.
[INFO] [Utils] MethodGroupsHelper.sortMethods() took 0 ms.
[INFO] [Utils] MethodGroupsHelper.collectMethodsByGroup() took 0 ms.
[INFO] [Utils] MethodGroupsHelper.sortMethods() took 0 ms.
[INFO] [Utils] MethodGroupsHelper.collectMethodsByGroup() took 0 ms.
[INFO] [Utils] MethodGroupsHelper.sortMethods() took 0 ms.
[INFO] [Utils] MethodGroupsHelper.collectMethodsByGroup() took 5 ms.
[DEBUG] [Graph] ADDING NODE AbstractTestNGCucumberTests.runScenario(io.cucumber.testng.PickleWrapper,io.cucumber.testng.FeatureWrapper)[pri:0, instance:com.FXO_Shiftleft_BDD.automation.testRunner.RunTest@352c1b98] -258276247
[DEBUG] [Graph] ================ SORTING
[DEBUG] [Graph] =============== DONE SORTING
[DEBUG] [Graph] ====== SORTED NODES
[DEBUG] [Graph] ====== END SORTED NODES
[INFO] [Utils] MethodGroupsHelper.sortMethods() took 1 ms.
[INFO] [Utils] MethodGroupsHelper.collectMethodsByGroup() took 0 ms.
[INFO] [Utils] MethodGroupsHelper.sortMethods() took 0 ms.
[INFO] [Utils] MethodGroupsHelper.collectMethodsByGroup() took 0 ms.
[INFO] [Utils] MethodGroupsHelper.sortMethods() took 0 ms.
[INFO] [Utils] DynamicGraphHelper.createDynamicGraph() took 2 ms.
[INFO] [TestRunner] Starting executor for test Shift Left with time out:2147483647 milliseconds.

Scenario: validate pickupFlow with CC    # src/test/resources/Feature/PickupFlow_CCPayment.feature:3
Browser Type:: chrome
Current Page Titile is :Retail Home Page
Page Url is https://staging2.office.fedex.com/
  Given launch application nonlogin      # com.FXO_Shiftleft_BDD.automation.stepDefinations.pickupFlowSteps.launch_application_nonlogin()
Product Name to search Flyers
Product found in search successfully
  When search product                    # com.FXO_Shiftleft_BDD.automation.stepDefinations.pickupFlowSteps.search_product()
  And upload templateFile                # com.FXO_Shiftleft_BDD.automation.stepDefinations.pickupFlowSteps.upload_templateFile()
      com.microsoft.playwright.TimeoutError: Error {
  message='Timeout 30000ms exceeded.
=========================== logs ===========================
  waiting for frameLocator("xpath=//iframe[@id='fedex_iframe']").first()
============================================================
  name='TimeoutError
  stack='TimeoutError: Timeout 30000ms exceeded.
=========================== logs ===========================
  waiting for frameLocator("xpath=//iframe[@id='fedex_iframe']").first()
============================================================
    at ProgressController.run (C:\Users\4652497\AppData\Local\Temp\playwright-java-12216915118834570512\package\lib\server\progress.js:88:26)
    at Frame.setInputFiles (C:\Users\4652497\AppData\Local\Temp\playwright-java-12216915118834570512\package\lib\server\frames.js:1111:23)
    at FrameDispatcher.setInputFiles (C:\Users\4652497\AppData\Local\Temp\playwright-java-12216915118834570512\package\lib\server\dispatchers\frameDispatcher.js:234:30)
    at DispatcherConnection.dispatch (C:\Users\4652497\AppData\Local\Temp\playwright-java-12216915118834570512\package\lib\server\dispatchers\dispatcher.js:317:46)
}
	at com.microsoft.playwright.impl.WaitableResult.get(WaitableResult.java:52)
	at com.microsoft.playwright.impl.ChannelOwner.runUntil(ChannelOwner.java:111)
	at com.microsoft.playwright.impl.Connection.sendMessage(Connection.java:119)
	at com.microsoft.playwright.impl.ChannelOwner.sendMessage(ChannelOwner.java:102)
	at com.microsoft.playwright.impl.FrameImpl.setInputFilesImpl(FrameImpl.java:782)
	at com.microsoft.playwright.impl.FrameImpl.setInputFilesImpl(FrameImpl.java:760)
	at com.microsoft.playwright.impl.FrameImpl.lambda$setInputFiles$36(FrameImpl.java:747)
	at com.microsoft.playwright.impl.LoggingSupport.lambda$withLogging$0(LoggingSupport.java:36)
	at com.microsoft.playwright.impl.LoggingSupport.withLogging(LoggingSupport.java:47)
	at com.microsoft.playwright.impl.ChannelOwner.withLogging(ChannelOwner.java:87)
	at com.microsoft.playwright.impl.LoggingSupport.withLogging(LoggingSupport.java:35)
	at com.microsoft.playwright.impl.FrameImpl.setInputFiles(FrameImpl.java:747)
	at com.microsoft.playwright.impl.FrameImpl.setInputFiles(FrameImpl.java:733)
	at com.microsoft.playwright.impl.LocatorImpl.setInputFiles(LocatorImpl.java:471)
	at com.microsoft.playwright.Locator.setInputFiles(Locator.java:3515)
	at com.FXO_Shiftleft_BDD.automation.Pages.homePage.uploadTemplates(homePage.java:115)
	at com.FXO_Shiftleft_BDD.automation.stepDefinations.pickupFlowSteps.upload_templateFile(pickupFlowSteps.java:47)
	at âœ½.upload templateFile(file:///C:/Users/4652497/git/pod2.0-shift-left-framework/./src/test/resources/Feature/PickupFlow_CCPayment.feature:6)
Caused by: com.microsoft.playwright.TimeoutError: Error {
  message='Timeout 30000ms exceeded.
=========================== logs ===========================
  waiting for frameLocator("xpath=//iframe[@id='fedex_iframe']").first()
============================================================
  name='TimeoutError
  stack='TimeoutError: Timeout 30000ms exceeded.
=========================== logs ===========================
  waiting for frameLocator("xpath=//iframe[@id='fedex_iframe']").first()
============================================================
    at ProgressController.run (C:\Users\4652497\AppData\Local\Temp\playwright-java-12216915118834570512\package\lib\server\progress.js:88:26)
    at Frame.setInputFiles (C:\Users\4652497\AppData\Local\Temp\playwright-java-12216915118834570512\package\lib\server\frames.js:1111:23)
    at FrameDispatcher.setInputFiles (C:\Users\4652497\AppData\Local\Temp\playwright-java-12216915118834570512\package\lib\server\dispatchers\frameDispatcher.js:234:30)
    at DispatcherConnection.dispatch (C:\Users\4652497\AppData\Local\Temp\playwright-java-12216915118834570512\package\lib\server\dispatchers\dispatcher.js:317:46)
}
	at com.microsoft.playwright.impl.Connection.dispatch(Connection.java:199)
	at com.microsoft.playwright.impl.Connection.processOneMessage(Connection.java:181)
	at com.microsoft.playwright.impl.ChannelOwner.runUntil(ChannelOwner.java:109)
	at com.microsoft.playwright.impl.Connection.sendMessage(Connection.java:119)
	at com.microsoft.playwright.impl.ChannelOwner.sendMessage(ChannelOwner.java:102)
	at com.microsoft.playwright.impl.FrameImpl.setInputFilesImpl(FrameImpl.java:782)
	at com.microsoft.playwright.impl.FrameImpl.setInputFilesImpl(FrameImpl.java:760)
	at com.microsoft.playwright.impl.FrameImpl.lambda$setInputFiles$36(FrameImpl.java:747)
	at com.microsoft.playwright.impl.LoggingSupport.lambda$withLogging$0(LoggingSupport.java:36)
	at com.microsoft.playwright.impl.LoggingSupport.withLogging(LoggingSupport.java:47)
	at com.microsoft.playwright.impl.ChannelOwner.withLogging(ChannelOwner.java:87)
	at com.microsoft.playwright.impl.LoggingSupport.withLogging(LoggingSupport.java:35)
	at com.microsoft.playwright.impl.FrameImpl.setInputFiles(FrameImpl.java:747)
	at com.microsoft.playwright.impl.FrameImpl.setInputFiles(FrameImpl.java:733)
	at com.microsoft.playwright.impl.LocatorImpl.setInputFiles(LocatorImpl.java:471)
	at com.microsoft.playwright.Locator.setInputFiles(Locator.java:3515)
	at com.FXO_Shiftleft_BDD.automation.Pages.homePage.uploadTemplates(homePage.java:115)
	at com.FXO_Shiftleft_BDD.automation.stepDefinations.pickupFlowSteps.upload_templateFile(pickupFlowSteps.java:47)
	at java.base/jdk.internal.reflect.DirectMethodHandleAccessor.invoke(DirectMethodHandleAccessor.java:104)
	at java.base/java.lang.reflect.Method.invoke(Method.java:577)
	at io.cucumber.java.Invoker.doInvoke(Invoker.java:66)
	at io.cucumber.java.Invoker.invoke(Invoker.java:24)
	at io.cucumber.java.AbstractGlueDefinition.invokeMethod(AbstractGlueDefinition.java:47)
	at io.cucumber.java.JavaStepDefinition.execute(JavaStepDefinition.java:29)
	at io.cucumber.core.runner.CoreStepDefinition.execute(CoreStepDefinition.java:66)
	at io.cucumber.core.runner.PickleStepDefinitionMatch.runStep(PickleStepDefinitionMatch.java:63)
	at io.cucumber.core.runner.ExecutionMode$1.execute(ExecutionMode.java:10)
	at io.cucumber.core.runner.TestStep.executeStep(TestStep.java:85)
	at io.cucumber.core.runner.TestStep.run(TestStep.java:57)
	at io.cucumber.core.runner.PickleStepTestStep.run(PickleStepTestStep.java:51)
	at io.cucumber.core.runner.TestCase.run(TestCase.java:84)
	at io.cucumber.core.runner.Runner.runPickle(Runner.java:75)
	at io.cucumber.testng.TestNGCucumberRunner.lambda$runScenario$1(TestNGCucumberRunner.java:132)
	at io.cucumber.core.runtime.CucumberExecutionContext.lambda$runTestCase$5(CucumberExecutionContext.java:129)
	at io.cucumber.core.runtime.RethrowingThrowableCollector.executeAndThrow(RethrowingThrowableCollector.java:23)
	at io.cucumber.core.runtime.CucumberExecutionContext.runTestCase(CucumberExecutionContext.java:129)
	at io.cucumber.testng.TestNGCucumberRunner.runScenario(TestNGCucumberRunner.java:129)
	at io.cucumber.testng.AbstractTestNGCucumberTests.runScenario(AbstractTestNGCucumberTests.java:35)
	at java.base/jdk.internal.reflect.DirectMethodHandleAccessor.invoke(DirectMethodHandleAccessor.java:104)
	at java.base/java.lang.reflect.Method.invoke(Method.java:577)
	at org.testng.internal.invokers.MethodInvocationHelper.invokeMethod(MethodInvocationHelper.java:139)
	at org.testng.internal.invokers.TestInvoker.invokeMethod(TestInvoker.java:677)
	at org.testng.internal.invokers.TestInvoker.invokeTestMethod(TestInvoker.java:221)
	at org.testng.internal.invokers.MethodRunner.runInSequence(MethodRunner.java:50)
	at org.testng.internal.invokers.TestInvoker$MethodInvocationAgent.invoke(TestInvoker.java:962)
	at org.testng.internal.invokers.TestInvoker.invokeTestMethods(TestInvoker.java:194)
	at org.testng.internal.invokers.TestMethodWorker.invokeTestMethods(TestMethodWorker.java:148)
	at org.testng.internal.invokers.TestMethodWorker.run(TestMethodWorker.java:128)
	at java.base/java.util.concurrent.ThreadPoolExecutor.runWorker(ThreadPoolExecutor.java:1136)
	at java.base/java.util.concurrent.ThreadPoolExecutor$Worker.run(ThreadPoolExecutor.java:635)
	at java.base/java.lang.Thread.run(Thread.java:833)

  Then add to cart                       # com.FXO_Shiftleft_BDD.automation.stepDefinations.pickupFlowSteps.add_to_cart()
  And proceed to checkout nonlogin       # com.FXO_Shiftleft_BDD.automation.stepDefinations.pickupFlowSteps.proceed_to_checkout_nonlogin()
  And select pickup option               # com.FXO_Shiftleft_BDD.automation.stepDefinations.pickupFlowSteps.select_pickup_option()
  Then continue to payment nonlogin      # com.FXO_Shiftleft_BDD.automation.stepDefinations.pickupFlowSteps.continue_to_payment_nonlogin()
  Then select CC payment method nonlogin # com.FXO_Shiftleft_BDD.automation.stepDefinations.pickupFlowSteps.select_cc_payment_method_nonlogin()
  And click revirew order                # com.FXO_Shiftleft_BDD.automation.stepDefinations.pickupFlowSteps.click_revirew_order()
  Then submit order nonlogin             # com.FXO_Shiftleft_BDD.automation.stepDefinations.pickupFlowSteps.submit_order_nonlogin()
  And close browser                      # com.FXO_Shiftleft_BDD.automation.stepDefinations.pickupFlowSteps.close_bowser()
]]></system-out>
    <system-err><![CDATA[Upload button not actionable
]]></system-err>
  </testcase>
  <testcase name="runScenario" classname="com.FXO_Shiftleft_BDD.automation.testRunner.RunTest" time="74.746">
    <failure message="Locator expected to be enabled&#10;Call log:&#10;Locator.expect with timeout 5000ms&#10;waiting for locator(&quot;xpath=//button[@id=&apos;upload-a-file-button&apos;]&quot;)" type="org.opentest4j.AssertionFailedError">org.opentest4j.AssertionFailedError: 
Locator expected to be enabled
Call log:
Locator.expect with timeout 5000ms
waiting for locator("xpath=//button[@id='upload-a-file-button']")
</failure>
    <system-out><![CDATA[
Scenario Outline: validate ThirdPartyApp products # src/test/resources/Feature/mirkalPickupFlow.feature:31
Browser Type:: chrome
Current Page Titile is :Retail Home Page
Page Url is https://staging2.office.fedex.com/
  Given launch application                        # com.FXO_Shiftleft_BDD.automation.stepDefinations.mirkalpickupSteps.launch_application()
  When click on ThirdPartyApp templates           # com.FXO_Shiftleft_BDD.automation.stepDefinations.mirkalpickupSteps.click_on_ThirdPartyApp_templates()
Product Name is :: productOne11
itemName is  productOne11
Product Name:  productOne11
  And select ThirdPartyApp productOne11           # com.FXO_Shiftleft_BDD.automation.stepDefinations.mirkalpickupSteps.select_ThirdPartyApp(java.lang.String)
tempNameproductOne11
  And upload template productOne11                # com.FXO_Shiftleft_BDD.automation.stepDefinations.mirkalpickupSteps.upload_template(java.lang.String)
      org.opentest4j.AssertionFailedError: Locator expected to be enabled
Call log:
Locator.expect with timeout 5000ms
waiting for locator("xpath=//button[@id='upload-a-file-button']")
	at com.microsoft.playwright.impl.AssertionsBase.expectImpl(AssertionsBase.java:68)
	at com.microsoft.playwright.impl.AssertionsBase.expectImpl(AssertionsBase.java:50)
	at com.microsoft.playwright.impl.LocatorAssertionsImpl.expectTrue(LocatorAssertionsImpl.java:338)
	at com.microsoft.playwright.impl.LocatorAssertionsImpl.isEnabled(LocatorAssertionsImpl.java:316)
	at com.microsoft.playwright.assertions.LocatorAssertions.isEnabled(LocatorAssertions.java:448)
	at com.FXO_Shiftleft_BDD.automation.Pages.homePage.clickelement(homePage.java:69)
	at com.FXO_Shiftleft_BDD.automation.Pages.homePage.uploadTemplates(homePage.java:106)
	at com.FXO_Shiftleft_BDD.automation.stepDefinations.mirkalpickupSteps.upload_template(mirkalpickupSteps.java:75)
	at âœ½.upload template productOne11(file:///C:/Users/4652497/git/pod2.0-shift-left-framework/./src/test/resources/Feature/mirkalPickupFlow.feature:20)

  Then click add to cart                          # com.FXO_Shiftleft_BDD.automation.stepDefinations.mirkalpickupSteps.click_add_to_cart()
  And proceed to checkout                         # com.FXO_Shiftleft_BDD.automation.stepDefinations.mirkalpickupSteps.proceed_to_checkout()
  And select pickup                               # com.FXO_Shiftleft_BDD.automation.stepDefinations.mirkalpickupSteps.select_pickup()
  Then continue to payment                        # com.FXO_Shiftleft_BDD.automation.stepDefinations.mirkalpickupSteps.continue_to_payment()
  Then select CC payment method                   # com.FXO_Shiftleft_BDD.automation.stepDefinations.mirkalpickupSteps.select_cc_payment_method()
  And click review                                # com.FXO_Shiftleft_BDD.automation.stepDefinations.mirkalpickupSteps.click_review()
  Then submit order                               # com.FXO_Shiftleft_BDD.automation.stepDefinations.mirkalpickupSteps.submit_order()
]]></system-out>
  </testcase>
  <testcase name="runScenario" classname="com.FXO_Shiftleft_BDD.automation.testRunner.RunTest" time="72.871">
    <failure message="Locator expected to be enabled&#10;Call log:&#10;Locator.expect with timeout 5000ms&#10;waiting for locator(&quot;xpath=//button[@id=&apos;upload-a-file-button&apos;]&quot;)" type="org.opentest4j.AssertionFailedError">org.opentest4j.AssertionFailedError: 
Locator expected to be enabled
Call log:
Locator.expect with timeout 5000ms
waiting for locator("xpath=//button[@id='upload-a-file-button']")
</failure>
    <system-out><![CDATA[
Scenario Outline: validate ThirdPartyApp products # src/test/resources/Feature/mirkalPickupFlow.feature:32
Browser Type:: chrome
Current Page Titile is :Retail Home Page
Page Url is https://staging2.office.fedex.com/
  Given launch application                        # com.FXO_Shiftleft_BDD.automation.stepDefinations.mirkalpickupSteps.launch_application()
  When click on ThirdPartyApp templates           # com.FXO_Shiftleft_BDD.automation.stepDefinations.mirkalpickupSteps.click_on_ThirdPartyApp_templates()
Product Name is :: productTwo22
itemName is  productTwo22
Product Name:  productTwo22
  And select ThirdPartyApp productTwo22           # com.FXO_Shiftleft_BDD.automation.stepDefinations.mirkalpickupSteps.select_ThirdPartyApp(java.lang.String)
tempNameproductTwo22
  And upload template productTwo22                # com.FXO_Shiftleft_BDD.automation.stepDefinations.mirkalpickupSteps.upload_template(java.lang.String)
      org.opentest4j.AssertionFailedError: Locator expected to be enabled
Call log:
Locator.expect with timeout 5000ms
waiting for locator("xpath=//button[@id='upload-a-file-button']")
	at com.microsoft.playwright.impl.AssertionsBase.expectImpl(AssertionsBase.java:68)
	at com.microsoft.playwright.impl.AssertionsBase.expectImpl(AssertionsBase.java:50)
	at com.microsoft.playwright.impl.LocatorAssertionsImpl.expectTrue(LocatorAssertionsImpl.java:338)
	at com.microsoft.playwright.impl.LocatorAssertionsImpl.isEnabled(LocatorAssertionsImpl.java:316)
	at com.microsoft.playwright.assertions.LocatorAssertions.isEnabled(LocatorAssertions.java:448)
	at com.FXO_Shiftleft_BDD.automation.Pages.homePage.clickelement(homePage.java:69)
	at com.FXO_Shiftleft_BDD.automation.Pages.homePage.uploadTemplates(homePage.java:106)
	at com.FXO_Shiftleft_BDD.automation.stepDefinations.mirkalpickupSteps.upload_template(mirkalpickupSteps.java:75)
	at âœ½.upload template productTwo22(file:///C:/Users/4652497/git/pod2.0-shift-left-framework/./src/test/resources/Feature/mirkalPickupFlow.feature:20)

  Then click add to cart                          # com.FXO_Shiftleft_BDD.automation.stepDefinations.mirkalpickupSteps.click_add_to_cart()
  And proceed to checkout                         # com.FXO_Shiftleft_BDD.automation.stepDefinations.mirkalpickupSteps.proceed_to_checkout()
  And select pickup                               # com.FXO_Shiftleft_BDD.automation.stepDefinations.mirkalpickupSteps.select_pickup()
  Then continue to payment                        # com.FXO_Shiftleft_BDD.automation.stepDefinations.mirkalpickupSteps.continue_to_payment()
  Then select CC payment method                   # com.FXO_Shiftleft_BDD.automation.stepDefinations.mirkalpickupSteps.select_cc_payment_method()
  And click review                                # com.FXO_Shiftleft_BDD.automation.stepDefinations.mirkalpickupSteps.click_review()
  Then submit order                               # com.FXO_Shiftleft_BDD.automation.stepDefinations.mirkalpickupSteps.submit_order()
]]></system-out>
  </testcase>
  <testcase name="runScenario" classname="com.FXO_Shiftleft_BDD.automation.testRunner.RunTest" time="68.223"/>
  <testcase name="runScenario" classname="com.FXO_Shiftleft_BDD.automation.testRunner.RunTest" time="71.525">
    <failure message="Error {&#10;  message=&apos;Timeout 30000ms exceeded.&#10;=========================== logs ===========================&#10;  waiting for frameLocator(&quot;xpath=//iframe[@class=&apos;pC-ENQ lyePVA&apos;]&quot;).first()&#10;  locator resolved to visible &lt;iframe allowfullscreen=&quot;&quot; class=&quot;pC-ENQ lyePVA&quot; aria-laâ€¦&gt;&lt;/iframe&gt;&#10;waiting for frameLocator(&quot;xpath=//iframe[@class=&apos;pC-ENQ lyePVA&apos;]&quot;).first().locator(&quot;xpath=//input[@type=&apos;search&apos;]&quot;)&#10;============================================================&#10;  name=&apos;TimeoutError&#10;  stack=&apos;TimeoutError: Timeout 30000ms exceeded.&#10;=========================== logs ===========================&#10;  waiting for frameLocator(&quot;xpath=//iframe[@class=&apos;pC-ENQ lyePVA&apos;]&quot;).first()&#10;  locator resolved to visible &lt;iframe allowfullscreen=&quot;&quot; class=&quot;pC-ENQ lyePVA&quot; aria-laâ€¦&gt;&lt;/iframe&gt;&#10;waiting for frameLocator(&quot;xpath=//iframe[@class=&apos;pC-ENQ lyePVA&apos;]&quot;).first().locator(&quot;xpath=//input[@type=&apos;search&apos;]&quot;)&#10;============================================================&#10;    at ProgressController.run (C:\Users\4652497\AppData\Local\Temp\playwright-java-12216915118834570512\package\lib\server\progress.js:88:26)&#10;    at Frame.fill (C:\Users\4652497\AppData\Local\Temp\playwright-java-12216915118834570512\package\lib\server\frames.js:988:23)&#10;    at FrameDispatcher.fill (C:\Users\4652497\AppData\Local\Temp\playwright-java-12216915118834570512\package\lib\server\dispatchers\frameDispatcher.js:158:30)&#10;    at DispatcherConnection.dispatch (C:\Users\4652497\AppData\Local\Temp\playwright-java-12216915118834570512\package\lib\server\dispatchers\dispatcher.js:317:46)&#10;}" type="com.microsoft.playwright.TimeoutError"><![CDATA[com.microsoft.playwright.TimeoutError: 
Error {
  message='Timeout 30000ms exceeded.
=========================== logs ===========================
  waiting for frameLocator("xpath=//iframe[@class='pC-ENQ lyePVA']").first()
  locator resolved to visible <iframe allowfullscreen="" class="pC-ENQ lyePVA" aria-laâ€¦></iframe>
waiting for frameLocator("xpath=//iframe[@class='pC-ENQ lyePVA']").first().locator("xpath=//input[@type='search']")
============================================================
  name='TimeoutError
  stack='TimeoutError: Timeout 30000ms exceeded.
=========================== logs ===========================
  waiting for frameLocator("xpath=//iframe[@class='pC-ENQ lyePVA']").first()
  locator resolved to visible <iframe allowfullscreen="" class="pC-ENQ lyePVA" aria-laâ€¦></iframe>
waiting for frameLocator("xpath=//iframe[@class='pC-ENQ lyePVA']").first().locator("xpath=//input[@type='search']")
============================================================
    at ProgressController.run (C:\Users\4652497\AppData\Local\Temp\playwright-java-12216915118834570512\package\lib\server\progress.js:88:26)
    at Frame.fill (C:\Users\4652497\AppData\Local\Temp\playwright-java-12216915118834570512\package\lib\server\frames.js:988:23)
    at FrameDispatcher.fill (C:\Users\4652497\AppData\Local\Temp\playwright-java-12216915118834570512\package\lib\server\dispatchers\frameDispatcher.js:158:30)
    at DispatcherConnection.dispatch (C:\Users\4652497\AppData\Local\Temp\playwright-java-12216915118834570512\package\lib\server\dispatchers\dispatcher.js:317:46)
}
Caused by: com.microsoft.playwright.TimeoutError: 
Error {
  message='Timeout 30000ms exceeded.
=========================== logs ===========================
  waiting for frameLocator("xpath=//iframe[@class='pC-ENQ lyePVA']").first()
  locator resolved to visible <iframe allowfullscreen="" class="pC-ENQ lyePVA" aria-laâ€¦></iframe>
waiting for frameLocator("xpath=//iframe[@class='pC-ENQ lyePVA']").first().locator("xpath=//input[@type='search']")
============================================================
  name='TimeoutError
  stack='TimeoutError: Timeout 30000ms exceeded.
=========================== logs ===========================
  waiting for frameLocator("xpath=//iframe[@class='pC-ENQ lyePVA']").first()
  locator resolved to visible <iframe allowfullscreen="" class="pC-ENQ lyePVA" aria-laâ€¦></iframe>
waiting for frameLocator("xpath=//iframe[@class='pC-ENQ lyePVA']").first().locator("xpath=//input[@type='search']")
============================================================
    at ProgressController.run (C:\Users\4652497\AppData\Local\Temp\playwright-java-12216915118834570512\package\lib\server\progress.js:88:26)
    at Frame.fill (C:\Users\4652497\AppData\Local\Temp\playwright-java-12216915118834570512\package\lib\server\frames.js:988:23)
    at FrameDispatcher.fill (C:\Users\4652497\AppData\Local\Temp\playwright-java-12216915118834570512\package\lib\server\dispatchers\frameDispatcher.js:158:30)
    at DispatcherConnection.dispatch (C:\Users\4652497\AppData\Local\Temp\playwright-java-12216915118834570512\package\lib\server\dispatchers\dispatcher.js:317:46)
}
]]></failure>
    <system-out><![CDATA[
Scenario Outline: validate ThirdPartyApp products # src/test/resources/Feature/mirkalPickupFlow.feature:34
Browser Type:: chrome
Current Page Titile is :Retail Home Page
Page Url is https://staging2.office.fedex.com/
  Given launch application                        # com.FXO_Shiftleft_BDD.automation.stepDefinations.mirkalpickupSteps.launch_application()
  When click on ThirdPartyApp templates           # com.FXO_Shiftleft_BDD.automation.stepDefinations.mirkalpickupSteps.click_on_ThirdPartyApp_templates()
Product Name is :: Flyers
itemName is  Flyers
  And select ThirdPartyApp Flyers                 # com.FXO_Shiftleft_BDD.automation.stepDefinations.mirkalpickupSteps.select_ThirdPartyApp(java.lang.String)
      com.microsoft.playwright.TimeoutError: Error {
  message='Timeout 30000ms exceeded.
=========================== logs ===========================
  waiting for frameLocator("xpath=//iframe[@class='pC-ENQ lyePVA']").first()
  locator resolved to visible <iframe allowfullscreen="" class="pC-ENQ lyePVA" aria-laâ€¦></iframe>
waiting for frameLocator("xpath=//iframe[@class='pC-ENQ lyePVA']").first().locator("xpath=//input[@type='search']")
============================================================
  name='TimeoutError
  stack='TimeoutError: Timeout 30000ms exceeded.
=========================== logs ===========================
  waiting for frameLocator("xpath=//iframe[@class='pC-ENQ lyePVA']").first()
  locator resolved to visible <iframe allowfullscreen="" class="pC-ENQ lyePVA" aria-laâ€¦></iframe>
waiting for frameLocator("xpath=//iframe[@class='pC-ENQ lyePVA']").first().locator("xpath=//input[@type='search']")
============================================================
    at ProgressController.run (C:\Users\4652497\AppData\Local\Temp\playwright-java-12216915118834570512\package\lib\server\progress.js:88:26)
    at Frame.fill (C:\Users\4652497\AppData\Local\Temp\playwright-java-12216915118834570512\package\lib\server\frames.js:988:23)
    at FrameDispatcher.fill (C:\Users\4652497\AppData\Local\Temp\playwright-java-12216915118834570512\package\lib\server\dispatchers\frameDispatcher.js:158:30)
    at DispatcherConnection.dispatch (C:\Users\4652497\AppData\Local\Temp\playwright-java-12216915118834570512\package\lib\server\dispatchers\dispatcher.js:317:46)
}
	at com.microsoft.playwright.impl.WaitableResult.get(WaitableResult.java:52)
	at com.microsoft.playwright.impl.ChannelOwner.runUntil(ChannelOwner.java:111)
	at com.microsoft.playwright.impl.Connection.sendMessage(Connection.java:119)
	at com.microsoft.playwright.impl.ChannelOwner.sendMessage(ChannelOwner.java:102)
	at com.microsoft.playwright.impl.FrameImpl.fillImpl(FrameImpl.java:339)
	at com.microsoft.playwright.impl.FrameImpl.lambda$fill$15(FrameImpl.java:329)
	at com.microsoft.playwright.impl.LoggingSupport.lambda$withLogging$0(LoggingSupport.java:36)
	at com.microsoft.playwright.impl.LoggingSupport.withLogging(LoggingSupport.java:47)
	at com.microsoft.playwright.impl.ChannelOwner.withLogging(ChannelOwner.java:87)
	at com.microsoft.playwright.impl.LoggingSupport.withLogging(LoggingSupport.java:35)
	at com.microsoft.playwright.impl.FrameImpl.fill(FrameImpl.java:329)
	at com.microsoft.playwright.impl.LocatorImpl.fill(LocatorImpl.java:182)
	at com.microsoft.playwright.Locator.fill(Locator.java:2473)
	at com.FXO_Shiftleft_BDD.automation.Pages.mirkalDesignTemplatesPage.searchMirkalproducts(mirkalDesignTemplatesPage.java:47)
	at com.FXO_Shiftleft_BDD.automation.stepDefinations.mirkalpickupSteps.select_ThirdPartyApp(mirkalpickupSteps.java:61)
	at âœ½.select ThirdPartyApp Flyers(file:///C:/Users/4652497/git/pod2.0-shift-left-framework/./src/test/resources/Feature/mirkalPickupFlow.feature:19)
Caused by: com.microsoft.playwright.TimeoutError: Error {
  message='Timeout 30000ms exceeded.
=========================== logs ===========================
  waiting for frameLocator("xpath=//iframe[@class='pC-ENQ lyePVA']").first()
  locator resolved to visible <iframe allowfullscreen="" class="pC-ENQ lyePVA" aria-laâ€¦></iframe>
waiting for frameLocator("xpath=//iframe[@class='pC-ENQ lyePVA']").first().locator("xpath=//input[@type='search']")
============================================================
  name='TimeoutError
  stack='TimeoutError: Timeout 30000ms exceeded.
=========================== logs ===========================
  waiting for frameLocator("xpath=//iframe[@class='pC-ENQ lyePVA']").first()
  locator resolved to visible <iframe allowfullscreen="" class="pC-ENQ lyePVA" aria-laâ€¦></iframe>
waiting for frameLocator("xpath=//iframe[@class='pC-ENQ lyePVA']").first().locator("xpath=//input[@type='search']")
============================================================
    at ProgressController.run (C:\Users\4652497\AppData\Local\Temp\playwright-java-12216915118834570512\package\lib\server\progress.js:88:26)
    at Frame.fill (C:\Users\4652497\AppData\Local\Temp\playwright-java-12216915118834570512\package\lib\server\frames.js:988:23)
    at FrameDispatcher.fill (C:\Users\4652497\AppData\Local\Temp\playwright-java-12216915118834570512\package\lib\server\dispatchers\frameDispatcher.js:158:30)
    at DispatcherConnection.dispatch (C:\Users\4652497\AppData\Local\Temp\playwright-java-12216915118834570512\package\lib\server\dispatchers\dispatcher.js:317:46)
}
	at com.microsoft.playwright.impl.Connection.dispatch(Connection.java:199)
	at com.microsoft.playwright.impl.Connection.processOneMessage(Connection.java:181)
	at com.microsoft.playwright.impl.ChannelOwner.runUntil(ChannelOwner.java:109)
	at com.microsoft.playwright.impl.Connection.sendMessage(Connection.java:119)
	at com.microsoft.playwright.impl.ChannelOwner.sendMessage(ChannelOwner.java:102)
	at com.microsoft.playwright.impl.FrameImpl.fillImpl(FrameImpl.java:339)
	at com.microsoft.playwright.impl.FrameImpl.lambda$fill$15(FrameImpl.java:329)
	at com.microsoft.playwright.impl.LoggingSupport.lambda$withLogging$0(LoggingSupport.java:36)
	at com.microsoft.playwright.impl.LoggingSupport.withLogging(LoggingSupport.java:47)
	at com.microsoft.playwright.impl.ChannelOwner.withLogging(ChannelOwner.java:87)
	at com.microsoft.playwright.impl.LoggingSupport.withLogging(LoggingSupport.java:35)
	at com.microsoft.playwright.impl.FrameImpl.fill(FrameImpl.java:329)
	at com.microsoft.playwright.impl.LocatorImpl.fill(LocatorImpl.java:182)
	at com.microsoft.playwright.Locator.fill(Locator.java:2473)
	at com.FXO_Shiftleft_BDD.automation.Pages.mirkalDesignTemplatesPage.searchMirkalproducts(mirkalDesignTemplatesPage.java:47)
	at com.FXO_Shiftleft_BDD.automation.stepDefinations.mirkalpickupSteps.select_ThirdPartyApp(mirkalpickupSteps.java:61)
	at java.base/jdk.internal.reflect.DirectMethodHandleAccessor.invoke(DirectMethodHandleAccessor.java:104)
	at java.base/java.lang.reflect.Method.invoke(Method.java:577)
	at io.cucumber.java.Invoker.doInvoke(Invoker.java:66)
	at io.cucumber.java.Invoker.invoke(Invoker.java:24)
	at io.cucumber.java.AbstractGlueDefinition.invokeMethod(AbstractGlueDefinition.java:47)
	at io.cucumber.java.JavaStepDefinition.execute(JavaStepDefinition.java:29)
	at io.cucumber.core.runner.CoreStepDefinition.execute(CoreStepDefinition.java:66)
	at io.cucumber.core.runner.PickleStepDefinitionMatch.runStep(PickleStepDefinitionMatch.java:63)
	at io.cucumber.core.runner.ExecutionMode$1.execute(ExecutionMode.java:10)
	at io.cucumber.core.runner.TestStep.executeStep(TestStep.java:85)
	at io.cucumber.core.runner.TestStep.run(TestStep.java:57)
	at io.cucumber.core.runner.PickleStepTestStep.run(PickleStepTestStep.java:51)
	at io.cucumber.core.runner.TestCase.run(TestCase.java:84)
	at io.cucumber.core.runner.Runner.runPickle(Runner.java:75)
	at io.cucumber.testng.TestNGCucumberRunner.lambda$runScenario$1(TestNGCucumberRunner.java:132)
	at io.cucumber.core.runtime.CucumberExecutionContext.lambda$runTestCase$5(CucumberExecutionContext.java:129)
	at io.cucumber.core.runtime.RethrowingThrowableCollector.executeAndThrow(RethrowingThrowableCollector.java:23)
	at io.cucumber.core.runtime.CucumberExecutionContext.runTestCase(CucumberExecutionContext.java:129)
	at io.cucumber.testng.TestNGCucumberRunner.runScenario(TestNGCucumberRunner.java:129)
	at io.cucumber.testng.AbstractTestNGCucumberTests.runScenario(AbstractTestNGCucumberTests.java:35)
	at java.base/jdk.internal.reflect.DirectMethodHandleAccessor.invoke(DirectMethodHandleAccessor.java:104)
	at java.base/java.lang.reflect.Method.invoke(Method.java:577)
	at org.testng.internal.invokers.MethodInvocationHelper.invokeMethod(MethodInvocationHelper.java:139)
	at org.testng.internal.invokers.TestInvoker.invokeMethod(TestInvoker.java:677)
	at org.testng.internal.invokers.TestInvoker.invokeTestMethod(TestInvoker.java:221)
	at org.testng.internal.invokers.MethodRunner.runInSequence(MethodRunner.java:50)
	at org.testng.internal.invokers.TestInvoker$MethodInvocationAgent.invoke(TestInvoker.java:962)
	at org.testng.internal.invokers.TestInvoker.invokeTestMethods(TestInvoker.java:194)
	at org.testng.internal.invokers.TestMethodWorker.invokeTestMethods(TestMethodWorker.java:148)
	at org.testng.internal.invokers.TestMethodWorker.run(TestMethodWorker.java:128)
	at java.base/java.util.concurrent.ThreadPoolExecutor.runWorker(ThreadPoolExecutor.java:1136)
	at java.base/java.util.concurrent.ThreadPoolExecutor$Worker.run(ThreadPoolExecutor.java:635)
	at java.base/java.lang.Thread.run(Thread.java:833)

  And upload template Flyers                      # com.FXO_Shiftleft_BDD.automation.stepDefinations.mirkalpickupSteps.upload_template(java.lang.String)
  Then click add to cart                          # com.FXO_Shiftleft_BDD.automation.stepDefinations.mirkalpickupSteps.click_add_to_cart()
  And proceed to checkout                         # com.FXO_Shiftleft_BDD.automation.stepDefinations.mirkalpickupSteps.proceed_to_checkout()
  And select pickup                               # com.FXO_Shiftleft_BDD.automation.stepDefinations.mirkalpickupSteps.select_pickup()
  Then continue to payment                        # com.FXO_Shiftleft_BDD.automation.stepDefinations.mirkalpickupSteps.continue_to_payment()
  Then select CC payment method                   # com.FXO_Shiftleft_BDD.automation.stepDefinations.mirkalpickupSteps.select_cc_payment_method()
  And click review                                # com.FXO_Shiftleft_BDD.automation.stepDefinations.mirkalpickupSteps.click_review()
  Then submit order                               # com.FXO_Shiftleft_BDD.automation.stepDefinations.mirkalpickupSteps.submit_order()
]]></system-out>
  </testcase>
  <testcase name="runScenario" classname="com.FXO_Shiftleft_BDD.automation.testRunner.RunTest" time="65.283"/>
</testsuite>