<?xml version="1.0" encoding="UTF-8"?>
<testsuite xmlns:xsi="http://www.w3.org/2001/XMLSchema-instance" xsi:noNamespaceSchemaLocation="https://maven.apache.org/surefire/maven-surefire-plugin/xsd/surefire-test-report.xsd" name="TestSuite" time="505.087" tests="6" errors="0" skipped="0" failures="2">
  <properties>
[...]
</properties>
  <testcase name="runScenario" classname="com.FXO_Shiftleft_BDD.automation.testRunner.RunTest" time="168.359"/>
  <testcase name="runScenario" classname="com.FXO_Shiftleft_BDD.automation.testRunner.RunTest" time="69.974">
    <failure message="Locator expected to be enabled&#10;Call log:&#10;Locator.expect with timeout 5000ms&#10;waiting for locator(&quot;xpath=//button[@id=&apos;upload-a-file-button&apos;]&quot;)" type="org.opentest4j.AssertionFailedError">org.opentest4j.AssertionFailedError: 
Locator expected to be enabled
Call log:
Locator.expect with timeout 5000ms
waiting for locator("xpath=//button[@id='upload-a-file-button']")
</failure>
    <system-out><![CDATA[
Scenario Outline: validate ThirdPartyApp products # src/test/resources/Feature/mirkalPickupFlow.feature:31
Browser Type:: chrome
Current Page Titile is :Retail Home Page
Page Url is https://staging2.office.fedex.com/
  Given launch application                        # com.FXO_Shiftleft_BDD.automation.stepDefinations.mirkalpickupSteps.launch_application()
  When click on ThirdPartyApp templates           # com.FXO_Shiftleft_BDD.automation.stepDefinations.mirkalpickupSteps.click_on_ThirdPartyApp_templates()
Product Name is :: productOne11
itemName is  productOne11
Product Name:  productOne11
  And select ThirdPartyApp productOne11           # com.FXO_Shiftleft_BDD.automation.stepDefinations.mirkalpickupSteps.select_ThirdPartyApp(java.lang.String)
tempNameproductOne11
  And upload template productOne11                # com.FXO_Shiftleft_BDD.automation.stepDefinations.mirkalpickupSteps.upload_template(java.lang.String)
      org.opentest4j.AssertionFailedError: Locator expected to be enabled
Call log:
Locator.expect with timeout 5000ms
waiting for locator("xpath=//button[@id='upload-a-file-button']")
	at com.microsoft.playwright.impl.AssertionsBase.expectImpl(AssertionsBase.java:68)
	at com.microsoft.playwright.impl.AssertionsBase.expectImpl(AssertionsBase.java:50)
	at com.microsoft.playwright.impl.LocatorAssertionsImpl.expectTrue(LocatorAssertionsImpl.java:338)
	at com.microsoft.playwright.impl.LocatorAssertionsImpl.isEnabled(LocatorAssertionsImpl.java:316)
	at com.microsoft.playwright.assertions.LocatorAssertions.isEnabled(LocatorAssertions.java:448)
	at com.FXO_Shiftleft_BDD.automation.Pages.homePage.clickelement(homePage.java:69)
	at com.FXO_Shiftleft_BDD.automation.Pages.homePage.uploadTemplates(homePage.java:106)
	at com.FXO_Shiftleft_BDD.automation.stepDefinations.mirkalpickupSteps.upload_template(mirkalpickupSteps.java:75)
	at ✽.upload template productOne11(file:///C:/Users/4652497/git/MergeCodeLocal/FXO_Shiftleft_BDD_Framework_V001/./src/test/resources/Feature/mirkalPickupFlow.feature:20)

  Then click add to cart                          # com.FXO_Shiftleft_BDD.automation.stepDefinations.mirkalpickupSteps.click_add_to_cart()
  And proceed to checkout                         # com.FXO_Shiftleft_BDD.automation.stepDefinations.mirkalpickupSteps.proceed_to_checkout()
  And select pickup                               # com.FXO_Shiftleft_BDD.automation.stepDefinations.mirkalpickupSteps.select_pickup()
  Then continue to payment                        # com.FXO_Shiftleft_BDD.automation.stepDefinations.mirkalpickupSteps.continue_to_payment()
  Then select CC payment method                   # com.FXO_Shiftleft_BDD.automation.stepDefinations.mirkalpickupSteps.select_cc_payment_method()
  And click review                                # com.FXO_Shiftleft_BDD.automation.stepDefinations.mirkalpickupSteps.click_review()
  Then submit order                               # com.FXO_Shiftleft_BDD.automation.stepDefinations.mirkalpickupSteps.submit_order()
]]></system-out>
  </testcase>
  <testcase name="runScenario" classname="com.FXO_Shiftleft_BDD.automation.testRunner.RunTest" time="71.196">
    <failure message="Locator expected to be enabled&#10;Call log:&#10;Locator.expect with timeout 5000ms&#10;waiting for locator(&quot;xpath=//button[@id=&apos;upload-a-file-button&apos;]&quot;)" type="org.opentest4j.AssertionFailedError">org.opentest4j.AssertionFailedError: 
Locator expected to be enabled
Call log:
Locator.expect with timeout 5000ms
waiting for locator("xpath=//button[@id='upload-a-file-button']")
</failure>
    <system-out><![CDATA[
Scenario Outline: validate ThirdPartyApp products # src/test/resources/Feature/mirkalPickupFlow.feature:32
Browser Type:: chrome
Current Page Titile is :Retail Home Page
Page Url is https://staging2.office.fedex.com/
  Given launch application                        # com.FXO_Shiftleft_BDD.automation.stepDefinations.mirkalpickupSteps.launch_application()
  When click on ThirdPartyApp templates           # com.FXO_Shiftleft_BDD.automation.stepDefinations.mirkalpickupSteps.click_on_ThirdPartyApp_templates()
Product Name is :: productTwo22
itemName is  productTwo22
Product Name:  productTwo22
  And select ThirdPartyApp productTwo22           # com.FXO_Shiftleft_BDD.automation.stepDefinations.mirkalpickupSteps.select_ThirdPartyApp(java.lang.String)
tempNameproductTwo22
  And upload template productTwo22                # com.FXO_Shiftleft_BDD.automation.stepDefinations.mirkalpickupSteps.upload_template(java.lang.String)
      org.opentest4j.AssertionFailedError: Locator expected to be enabled
Call log:
Locator.expect with timeout 5000ms
waiting for locator("xpath=//button[@id='upload-a-file-button']")
	at com.microsoft.playwright.impl.AssertionsBase.expectImpl(AssertionsBase.java:68)
	at com.microsoft.playwright.impl.AssertionsBase.expectImpl(AssertionsBase.java:50)
	at com.microsoft.playwright.impl.LocatorAssertionsImpl.expectTrue(LocatorAssertionsImpl.java:338)
	at com.microsoft.playwright.impl.LocatorAssertionsImpl.isEnabled(LocatorAssertionsImpl.java:316)
	at com.microsoft.playwright.assertions.LocatorAssertions.isEnabled(LocatorAssertions.java:448)
	at com.FXO_Shiftleft_BDD.automation.Pages.homePage.clickelement(homePage.java:69)
	at com.FXO_Shiftleft_BDD.automation.Pages.homePage.uploadTemplates(homePage.java:106)
	at com.FXO_Shiftleft_BDD.automation.stepDefinations.mirkalpickupSteps.upload_template(mirkalpickupSteps.java:75)
	at ✽.upload template productTwo22(file:///C:/Users/4652497/git/MergeCodeLocal/FXO_Shiftleft_BDD_Framework_V001/./src/test/resources/Feature/mirkalPickupFlow.feature:20)

  Then click add to cart                          # com.FXO_Shiftleft_BDD.automation.stepDefinations.mirkalpickupSteps.click_add_to_cart()
  And proceed to checkout                         # com.FXO_Shiftleft_BDD.automation.stepDefinations.mirkalpickupSteps.proceed_to_checkout()
  And select pickup                               # com.FXO_Shiftleft_BDD.automation.stepDefinations.mirkalpickupSteps.select_pickup()
  Then continue to payment                        # com.FXO_Shiftleft_BDD.automation.stepDefinations.mirkalpickupSteps.continue_to_payment()
  Then select CC payment method                   # com.FXO_Shiftleft_BDD.automation.stepDefinations.mirkalpickupSteps.select_cc_payment_method()
  And click review                                # com.FXO_Shiftleft_BDD.automation.stepDefinations.mirkalpickupSteps.click_review()
  Then submit order                               # com.FXO_Shiftleft_BDD.automation.stepDefinations.mirkalpickupSteps.submit_order()
]]></system-out>
  </testcase>
  <testcase name="runScenario" classname="com.FXO_Shiftleft_BDD.automation.testRunner.RunTest" time="65.095"/>
  <testcase name="runScenario" classname="com.FXO_Shiftleft_BDD.automation.testRunner.RunTest" time="64.118"/>
  <testcase name="runScenario" classname="com.FXO_Shiftleft_BDD.automation.testRunner.RunTest" time="65.065"/>
</testsuite>