<?xml version="1.0" encoding="UTF-8"?>
<testng-results ignored="0" total="1" passed="0" failed="1" skipped="0">
  <reporter-output>
  </reporter-output>
  <suite started-at="2022-11-29T22:20:54 CST" name="Default suite" finished-at="2022-11-29T22:21:35 CST" duration-ms="41133">
    <groups>
      <group name="cucumber">
        <method signature="AbstractTestNGCucumberTests.runScenario(io.cucumber.testng.PickleWrapper,io.cucumber.testng.FeatureWrapper)[pri:0, instance:com.FXO_Shiftleft_BDD.automation.testRunner.RunTest@ca30bc1]" name="runScenario" class="io.cucumber.testng.AbstractTestNGCucumberTests"/>
      </group> <!-- cucumber -->
    </groups>
    <test started-at="2022-11-29T22:20:54 CST" name="Default test" finished-at="2022-11-29T22:21:35 CST" duration-ms="41133">
      <class name="com.FXO_Shiftleft_BDD.automation.testRunner.RunTest">
        <test-method is-config="true" signature="setUpClass(org.testng.ITestContext)[pri:0, instance:com.FXO_Shiftleft_BDD.automation.testRunner.RunTest@ca30bc1]" started-at="2022-11-29T22:20:54 CST" name="setUpClass" finished-at="2022-11-29T22:20:55 CST" duration-ms="451" status="PASS">
          <params>
            <param index="0">
              <value>
                <![CDATA[org.testng.TestRunner@7f08caf]]>
              </value>
            </param>
          </params>
          <reporter-output>
          </reporter-output>
        </test-method> <!-- setUpClass -->
        <test-method signature="runScenario(io.cucumber.testng.PickleWrapper,io.cucumber.testng.FeatureWrapper)[pri:0, instance:com.FXO_Shiftleft_BDD.automation.testRunner.RunTest@ca30bc1]" started-at="2022-11-29T22:20:55 CST" name="runScenario" description="Runs Cucumber Scenarios" data-provider="scenarios" finished-at="2022-11-29T22:21:35 CST" duration-ms="40465" status="FAIL">
          <params>
            <param index="0">
              <value>
                <![CDATA["validate pickupFlow with CC"]]>
              </value>
            </param>
            <param index="1">
              <value>
                <![CDATA["validate pickupFlow"]]>
              </value>
            </param>
          </params>
          <exception class="java.lang.NullPointerException">
            <message>
              <![CDATA[Cannot invoke "com.microsoft.playwright.Page.title()" because "this.page" is null]]>
            </message>
            <full-stacktrace>
              <![CDATA[java.lang.NullPointerException: Cannot invoke "com.microsoft.playwright.Page.title()" because "this.page" is null
at com.FXO_Shiftleft_BDD.automation.testBase.BaseClass.getHomePageTitile(BaseClass.java:39)
at com.FXO_Shiftleft_BDD.automation.stepDefinations.pickupFlowSteps.launch_application_nonlogin(pickupFlowSteps.java:32)
at ✽.launch application nonlogin(file:///C:/Users/4652497/git/MergeCodeLocal/FXO_Shiftleft_BDD_Framework_V001/./src/test/resources/Feature/PickupFlow_CCPayment.feature:4)
]]>
            </full-stacktrace>
          </exception> <!-- java.lang.NullPointerException -->
          <reporter-output>
          </reporter-output>
        </test-method> <!-- runScenario -->
        <test-method is-config="true" signature="tearDownClass()[pri:0, instance:com.FXO_Shiftleft_BDD.automation.testRunner.RunTest@ca30bc1]" started-at="2022-11-29T22:21:35 CST" name="tearDownClass" finished-at="2022-11-29T22:21:35 CST" duration-ms="48" status="PASS">
          <reporter-output>
          </reporter-output>
        </test-method> <!-- tearDownClass -->
      </class> <!-- com.FXO_Shiftleft_BDD.automation.testRunner.RunTest -->
    </test> <!-- Default test -->
  </suite> <!-- Default suite -->
</testng-results>
