<?xml version="1.0" encoding="UTF-8"?>
<!-- Generated by org.testng.reporters.JUnitReportReporter -->
<testsuite hostname="DNE-4652497-L1" failures="0" tests="1" name="com.FXO_Shiftleft_BDD.automation.testRunner.RunTest" time="40.465" errors="1" timestamp="2022-11-29T22:21:36 CST" skipped="0">
  <testcase classname="com.FXO_Shiftleft_BDD.automation.testRunner.RunTest" name="runScenario" time="40.465">
    <error message="Cannot invoke &quot;com.microsoft.playwright.Page.title()&quot; because &quot;this.page&quot; is null" type="java.lang.NullPointerException">
      <![CDATA[java.lang.NullPointerException: Cannot invoke "com.microsoft.playwright.Page.title()" because "this.page" is null
at com.FXO_Shiftleft_BDD.automation.testBase.BaseClass.getHomePageTitile(BaseClass.java:39)
at com.FXO_Shiftleft_BDD.automation.stepDefinations.pickupFlowSteps.launch_application_nonlogin(pickupFlowSteps.java:32)
at ✽.launch application nonlogin(file:///C:/Users/4652497/git/MergeCodeLocal/FXO_Shiftleft_BDD_Framework_V001/./src/test/resources/Feature/PickupFlow_CCPayment.feature:4)
]]>
    </error>
  </testcase> <!-- runScenario -->
  <system-out/>
</testsuite> <!-- com.FXO_Shiftleft_BDD.automation.testRunner.RunTest -->
